Log file open, 08/23/16 11:03:45
LogInit:Display: Running engine for game: SpaceTDM
LogPlatformFile: Not using cached read wrapper
LogInit:Display: RandInit(631938197) SRandInit(631938198).
LogTaskGraph: Started task graph with 4 named threads and 5 total threads with 1 sets of task threads.
LogStats: Stats thread started at 0.062648
LogInit: Version: 4.12.5-3039270+++UE4+Release-4.12
LogInit: API Version: 2992821
LogInit: Net Version: 3039270
LogDevObjectVersion: Number of dev versions registered: 13
LogDevObjectVersion:   Dev-Blueprints (B0D832E4-1F89-4F0D-ACCF-7EB736FD4AA2): 3
LogDevObjectVersion:   Dev-Build (E1C64328-A22C-4D53-A36C-8E866417BD8C): 0
LogDevObjectVersion:   Dev-Core (375EC13C-06E4-48FB-B500-84F0262A717E): 1
LogDevObjectVersion:   Dev-Editor (E4B068ED-F494-42E9-A231-DA0B2E46BB41): 2
LogDevObjectVersion:   Dev-Framework (CFFC743F-43B0-4480-9391-14DF171D2073): 6
LogDevObjectVersion:   Dev-Mobile (B02B49B5-BB20-44E9-A304-32B752E40360): 0
LogDevObjectVersion:   Dev-Networking (A4E4105C-59A1-49B5-A7C5-40C4547EDFEE): 0
LogDevObjectVersion:   Dev-Online (39C831C9-5AE6-47DC-9A44-9C173E1C8E7C): 0
LogDevObjectVersion:   Dev-Physics (78F01B33-EBEA-4F98-B9B4-84EACCB95AA2): 0
LogDevObjectVersion:   Dev-Platform (6631380F-2D4D-43E0-8009-CF276956A95A): 0
LogDevObjectVersion:   Dev-Rendering (12F88B9F-8875-4AFC-A67C-D90C383ABD29): 2
LogDevObjectVersion:   Dev-Sequencer (7B5AE74C-D270-4C10-A958-57980B212A5A): 0
LogDevObjectVersion:   Dev-VR (D7296918-1DD6-4BDD-9DE2-64A83CC13884): 0
LogInit: Compiled (64-bit): Jul  6 2016 09:09:46
LogInit: Compiled with Visual C++: 19.00.23026.00
LogInit: Build Configuration: Development
LogInit: Branch Name: ++UE4+Release-4.12
LogInit: Command line: -EpicPortal 
LogInit: Base directory: C:/Program Files (x86)/Epic Games/4.12/Engine/Binaries/Win64/
LogInit: Installed Engine Build: 1
LogInit: Using libcurl 7.41.0
LogInit:  - built for x86_64-pc-win32
LogInit:  - supports SSL with WinSSL
LogInit:  - other features:
LogInit:      CURL_VERSION_SSL
LogInit:      CURL_VERSION_IPV6
LogInit:      CURL_VERSION_ASYNCHDNS
LogInit:      CURL_VERSION_LARGEFILE
LogInit:      CURL_VERSION_IDN
LogInit:  CurlRequestOptions (configurable via config and command line):
LogInit:  - bVerifyPeer = true  - Libcurl will verify peer certificate
LogInit:  - bUseHttpProxy = false  - Libcurl will NOT use HTTP proxy
LogInit:  - bDontReuseConnections = false  - Libcurl will reuse connections
LogInit:  - CertBundlePath = nullptr  - Libcurl will use whatever was configured at build time.
LogInit: Presizing for max 8388607 objects, including 0 objects not considered by GC, pre-allocating 0 bytes for permanent pool.
LogInit: Object subsystem initialized
[2016.08.23-09.03.45:487][  0]LogInit: Selected Device Profile: [Windows]
[2016.08.23-09.03.45:487][  0]LogInit: Applying CVar settings loaded from the selected device profile: [Windows]
[2016.08.23-09.03.45:500][  0]LogInit: Computer: DESKTOP-ADHBO7H
[2016.08.23-09.03.45:501][  0]LogInit: User: SolidStateDick
[2016.08.23-09.03.45:501][  0]LogInit: CPU Page size=65536, Cores=2
[2016.08.23-09.03.45:501][  0]LogInit: High frequency timer resolution =2.533317 MHz
[2016.08.23-09.03.45:501][  0]LogMemory: Memory total: Physical=7.8GB (8GB approx)
[2016.08.23-09.03.45:501][  0]LogMemory: Platform Memory Stats for Windows
[2016.08.23-09.03.45:501][  0]LogMemory: Process Physical Memory: 191.46 MB used, 191.46 MB peak
[2016.08.23-09.03.45:501][  0]LogMemory: Process Virtual Memory: 194.73 MB used, 194.73 MB peak
[2016.08.23-09.03.45:501][  0]LogMemory: Physical Memory: 4210.21 MB used, 7956.79 MB total
[2016.08.23-09.03.45:501][  0]LogMemory: Virtual Memory: 548.38 MB used, 134217728.00 MB total
[2016.08.23-09.03.45:527][  0]LogTextLocalizationManager: No specific translations for ('en-US') exist, so ('en') translations will be used.
[2016.08.23-09.03.45:974][  0]LogD3D11RHI: D3D11 adapters:
[2016.08.23-09.03.45:995][  0]LogD3D11RHI:    0. 'NVIDIA NVS 5400M' (Feature Level 11_0)
[2016.08.23-09.03.45:995][  0]LogD3D11RHI:       972/0/3071 MB DedicatedVideo/DedicatedSystem/SharedSystem, Outputs:1, VendorId:0x10de
[2016.08.23-09.03.45:996][  0]LogD3D11RHI:    1. 'Microsoft Basic Render Driver' (Feature Level 11_0)
[2016.08.23-09.03.45:996][  0]LogD3D11RHI:       0/0/3978 MB DedicatedVideo/DedicatedSystem/SharedSystem, Outputs:0, VendorId:0x1414
[2016.08.23-09.03.45:996][  0]LogD3D11RHI: Chosen D3D11 Adapter: 0
[2016.08.23-09.03.46:001][  0]LogD3D11RHI: Creating new Direct3DDevice
[2016.08.23-09.03.46:001][  0]LogD3D11RHI:     GPU DeviceId: 0xdef (for the marketing name, search the web for "GPU Device Id")
[2016.08.23-09.03.46:001][  0]LogWindows: EnumDisplayDevices:
[2016.08.23-09.03.46:001][  0]LogWindows:    0. 'NVIDIA NVS 5400M' (P:1 D:1)
[2016.08.23-09.03.46:002][  0]LogWindows:    1. 'NVIDIA NVS 5400M' (P:0 D:0)
[2016.08.23-09.03.46:002][  0]LogWindows: DebugString: FoundDriverCount:2 
[2016.08.23-09.03.46:002][  0]LogD3D11RHI:     Adapter Name: NVIDIA NVS 5400M
[2016.08.23-09.03.46:002][  0]LogD3D11RHI:   Driver Version: 372.54 (internal:21.21.13.7254, unified:372.54)
[2016.08.23-09.03.46:002][  0]LogD3D11RHI:      Driver Date: 8-11-2016
[2016.08.23-09.03.46:002][  0]LogRHI: Texture pool is 680 MB (70% of 972 MB)
[2016.08.23-09.03.46:012][  0]LogD3D11RHI: Async texture creation enabled
[2016.08.23-09.03.46:032][  0]LogD3D11RHI: GPU Timing Frequency: 1000.000000 (Debug: 2 2)
[2016.08.23-09.03.46:032][  0]LogShaderCompilers: Guid format shader working directory is -24 characters bigger than the processId version (../../../../../../Users/SolidStateDick/Documents/GitHub/SpaceTDM/SpaceTDM/Intermediate/Shaders/WorkingDirectory/1452/).
[2016.08.23-09.03.46:032][  0]LogShaderCompilers: Cleaned the shader compiler working directory 'C:/Users/SOLIDS~1/AppData/Local/Temp/UnrealShaderWorkingDir/EA018459405C11F974101F95A909CF36/'.
[2016.08.23-09.03.46:032][  0]LogShaderCompilers:Display: Using Local Shader Compiler.
[2016.08.23-09.03.47:156][  0]LogTemp:Display: Loaded TP AllDesktopTargetPlatform
[2016.08.23-09.03.47:167][  0]LogTemp:Display: Loaded TP WindowsClientTargetPlatform
[2016.08.23-09.03.47:178][  0]LogTemp:Display: Loaded TP WindowsNoEditorTargetPlatform
[2016.08.23-09.03.47:190][  0]LogTemp:Display: Loaded TP WindowsServerTargetPlatform
[2016.08.23-09.03.47:202][  0]LogTemp:Display: Loaded TP WindowsTargetPlatform
[2016.08.23-09.03.47:212][  0]LogTemp:Display: Loaded TP AndroidTargetPlatform
[2016.08.23-09.03.47:222][  0]LogTemp:Display: Loaded TP Android_ASTCTargetPlatform
[2016.08.23-09.03.47:231][  0]LogTemp:Display: Loaded TP Android_ATCTargetPlatform
[2016.08.23-09.03.47:241][  0]LogTemp:Display: Loaded TP Android_DXTTargetPlatform
[2016.08.23-09.03.47:250][  0]LogTemp:Display: Loaded TP Android_ETC1TargetPlatform
[2016.08.23-09.03.47:261][  0]LogTemp:Display: Loaded TP Android_ETC2TargetPlatform
[2016.08.23-09.03.47:280][  0]LogTemp:Display: Loaded TP Android_MultiTargetPlatform
[2016.08.23-09.03.47:280][  0]LogTemp:Display: Loaded TP Android_PVRTCTargetPlatform
[2016.08.23-09.03.47:281][  0]LogTemp:Display: Loaded TP HTML5TargetPlatform
[2016.08.23-09.03.47:306][  0]LogTemp:Display: Loaded TP IOSTargetPlatform
[2016.08.23-09.03.47:315][  0]LogTemp:Display: Loaded TP TVOSTargetPlatform
[2016.08.23-09.03.47:325][  0]LogTemp:Display: Loaded TP LinuxNoEditorTargetPlatform
[2016.08.23-09.03.47:334][  0]LogTemp:Display: Loaded TP LinuxServerTargetPlatform
[2016.08.23-09.03.47:344][  0]LogTemp:Display: Loaded TP LinuxTargetPlatform
[2016.08.23-09.03.47:344][  0]LogTargetPlatformManager:Display: Building Assets For Windows
[2016.08.23-09.03.47:430][  0]LogDerivedDataCache:Display: Max Cache Size: 512 MB
[2016.08.23-09.03.47:482][  0]LogDerivedDataCache: Loaded boot cache 0.05s 48MB C:/Users/SolidStateDick/AppData/Local/UnrealEngine/4.12/DerivedDataCache/Boot.ddc.
[2016.08.23-09.03.47:482][  0]LogDerivedDataCache:Display: Loaded Boot cache: C:/Users/SolidStateDick/AppData/Local/UnrealEngine/4.12/DerivedDataCache/Boot.ddc
[2016.08.23-09.03.47:482][  0]LogDerivedDataCache: FDerivedDataBackendGraph:  Pak pak cache file ../../../../../../Users/SolidStateDick/Documents/GitHub/SpaceTDM/SpaceTDM/DerivedDataCache/DDC.ddp not found, will not use a pak cache.
[2016.08.23-09.03.47:483][  0]LogDerivedDataCache: Unable to find inner node Pak for hierarchical cache Hierarchy.
[2016.08.23-09.03.47:483][  0]LogDerivedDataCache: FDerivedDataBackendGraph:  CompressedPak pak cache file ../../../../../../Users/SolidStateDick/Documents/GitHub/SpaceTDM/SpaceTDM/DerivedDataCache/Compressed.ddp not found, will not use a pak cache.
[2016.08.23-09.03.47:483][  0]LogDerivedDataCache: Unable to find inner node CompressedPak for hierarchical cache Hierarchy.
[2016.08.23-09.03.47:502][  0]LogDerivedDataCache:Display: Pak cache opened for reading ../../../Engine/DerivedDataCache/Compressed.ddp.
[2016.08.23-09.03.47:515][  0]LogDerivedDataCache: Using Local data cache path C:/Users/SolidStateDick/AppData/Local/UnrealEngine/Common/DerivedDataCache: Writable
[2016.08.23-09.03.47:740][  0]LogInit: Selected Device Profile: [Windows]
[2016.08.23-09.03.47:741][  0]LogContentStreaming: Texture pool size is 0.00 MB
[2016.08.23-09.03.47:938][  0]LogMeshUtilities: No automatic mesh reduction module available
[2016.08.23-09.03.47:938][  0]LogMeshUtilities: No automatic mesh merging module available
[2016.08.23-09.03.47:938][  0]LogMeshUtilities: No distributed automatic mesh merging module available
[2016.08.23-09.03.48:212][  0]LogAssetRegistry: FAssetRegistry took 0.0224 seconds to start up
[2016.08.23-09.03.48:247][  0]LogPackageLocalizationCache: Processed 3 localized package path(s) for 2 prioritized culture(s) in 0.032464 seconds
[2016.08.23-09.03.48:256][  0]LogUObjectArray: 28739 objects as part of root set at end of initial load.
[2016.08.23-09.03.48:256][  0]LogUObjectAllocator: 5855632 out of 0 bytes used by permanent object pool.
[2016.08.23-09.03.48:256][  0]LogUObjectArray: CloseDisregardForGC: 0/0 objects in disregard for GC pool
[2016.08.23-09.03.48:268][  0]LogInit: WinSock: version 1.1 (2.2), MaxSocks=32767, MaxUdp=65467
[2016.08.23-09.03.48:500][  0]LogSlate: SlateFontCache - WITH_FREETYPE: 1, WITH_HARFBUZZ: 1
[2016.08.23-09.03.48:500][  0]LogSlate: SlateFontCache - WITH_FREETYPE: 1, WITH_HARFBUZZ: 1
[2016.08.23-09.03.49:360][  0]LogUdpMessaging: Initializing bridge on interface 0.0.0.0:0 to multicast group 230.0.0.1:6666.
[2016.08.23-09.03.49:642][  0]SourceControl: Info Source control is disabled
[2016.08.23-09.03.49:643][  0]SourceControl: Info Source control is disabled
[2016.08.23-09.03.49:656][  0]SourceControl: Info Source control is disabled
[2016.08.23-09.03.49:668][  0]SourceControl: Info Source control is disabled
[2016.08.23-09.03.49:951][  0]LogEngine: Initializing Engine...
[2016.08.23-09.03.49:952][  0]LogHMD: SteamVR failed to initialize.  Err: 110
[2016.08.23-09.03.49:953][  0]LogHMD: SteamVR failed to initialize.  Err: 110
[2016.08.23-09.03.50:135][  0]LogAIModule: Creating AISystem for world NewWorld
[2016.08.23-09.03.50:139][  0]LogInit: XAudio2 using 'Speaker/HP (Realtek High Definition Audio)' : 2 channels at 48 kHz using 32 bits per sample (channel mask 0x3)
[2016.08.23-09.03.50:165][  0]LogInit: FAudioDevice initialized.
[2016.08.23-09.03.50:197][  0]LogDerivedDataCache: Saved boot cache 0.03s 48MB C:/Users/SolidStateDick/AppData/Local/UnrealEngine/4.12/DerivedDataCache/Boot.ddc.
[2016.08.23-09.03.50:205][  0]LogInit: Texture streaming: Enabled
[2016.08.23-09.03.50:237][  0]LogInit: Transaction tracking system initialized
[2016.08.23-09.03.50:268][  0]BlueprintLog: New page: Editor Load
[2016.08.23-09.03.50:487][  0]LocalizationService: Info Localization service is disabled
[2016.08.23-09.03.50:614][  0]LogConsoleResponse:Display: 
[2016.08.23-09.03.50:768][  0]LogFileCache: Scanning file cache for directory 'C:/Users/SolidStateDick/Documents/GitHub/SpaceTDM/SpaceTDM/Content/' took 0.01s
[2016.08.23-09.03.50:768][  0]LogCook:Display: Max memory allowance for cook 8192mb
[2016.08.23-09.03.50:768][  0]LogCook:Display: Mobile HDR setting 1
[2016.08.23-09.03.50:938][  0]SourceControl: Info Source control is disabled
[2016.08.23-09.03.50:945][  0]LogFactory: FactoryCreateFile: PackFactory with PackFactory (0 0 C:/Program Files (x86)/Epic Games/4.12/FeaturePacks/StarterContent.upack)
[2016.08.23-09.03.50:967][  0]LogPackFactory: Finished extracting 8 files (including 0 errors).
[2016.08.23-09.03.50:982][  0]LogPackFactory: Copied "../../../Samples/StarterContent/Content/StarterContent/Architecture/Floor_400x400.uasset" to "../../../../../../Users/SolidStateDick/Documents/GitHub/SpaceTDM/SpaceTDM/Content/StarterContent/Architecture/Floor_400x400.uasset"
[2016.08.23-09.03.50:992][  0]LogPackFactory: Copied "../../../Samples/StarterContent/Content/StarterContent/Architecture/Pillar_50x500.uasset" to "../../../../../../Users/SolidStateDick/Documents/GitHub/SpaceTDM/SpaceTDM/Content/StarterContent/Architecture/Pillar_50x500.uasset"
[2016.08.23-09.03.51:004][  0]LogPackFactory: Copied "../../../Samples/StarterContent/Content/StarterContent/Architecture/SM_AssetPlatform.uasset" to "../../../../../../Users/SolidStateDick/Documents/GitHub/SpaceTDM/SpaceTDM/Content/StarterContent/Architecture/SM_AssetPlatform.uasset"
[2016.08.23-09.03.51:013][  0]LogPackFactory: Copied "../../../Samples/StarterContent/Content/StarterContent/Architecture/Wall_400x200.uasset" to "../../../../../../Users/SolidStateDick/Documents/GitHub/SpaceTDM/SpaceTDM/Content/StarterContent/Architecture/Wall_400x200.uasset"
[2016.08.23-09.03.51:024][  0]LogPackFactory: Copied "../../../Samples/StarterContent/Content/StarterContent/Architecture/Wall_400x300.uasset" to "../../../../../../Users/SolidStateDick/Documents/GitHub/SpaceTDM/SpaceTDM/Content/StarterContent/Architecture/Wall_400x300.uasset"
[2016.08.23-09.03.51:034][  0]LogPackFactory: Copied "../../../Samples/StarterContent/Content/StarterContent/Architecture/Wall_400x400.uasset" to "../../../../../../Users/SolidStateDick/Documents/GitHub/SpaceTDM/SpaceTDM/Content/StarterContent/Architecture/Wall_400x400.uasset"
[2016.08.23-09.03.51:042][  0]LogPackFactory: Copied "../../../Samples/StarterContent/Content/StarterContent/Architecture/Wall_500x500.uasset" to "../../../../../../Users/SolidStateDick/Documents/GitHub/SpaceTDM/SpaceTDM/Content/StarterContent/Architecture/Wall_500x500.uasset"
[2016.08.23-09.03.51:052][  0]LogPackFactory: Copied "../../../Samples/StarterContent/Content/StarterContent/Architecture/Wall_Door_400x300.uasset" to "../../../../../../Users/SolidStateDick/Documents/GitHub/SpaceTDM/SpaceTDM/Content/StarterContent/Architecture/Wall_Door_400x300.uasset"
[2016.08.23-09.03.51:062][  0]LogPackFactory: Copied "../../../Samples/StarterContent/Content/StarterContent/Architecture/Wall_Door_400x400.uasset" to "../../../../../../Users/SolidStateDick/Documents/GitHub/SpaceTDM/SpaceTDM/Content/StarterContent/Architecture/Wall_Door_400x400.uasset"
[2016.08.23-09.03.51:072][  0]LogPackFactory: Copied "../../../Samples/StarterContent/Content/StarterContent/Architecture/Wall_Window_400x300.uasset" to "../../../../../../Users/SolidStateDick/Documents/GitHub/SpaceTDM/SpaceTDM/Content/StarterContent/Architecture/Wall_Window_400x300.uasset"
[2016.08.23-09.03.51:082][  0]LogPackFactory: Copied "../../../Samples/StarterContent/Content/StarterContent/Architecture/Wall_Window_400x400.uasset" to "../../../../../../Users/SolidStateDick/Documents/GitHub/SpaceTDM/SpaceTDM/Content/StarterContent/Architecture/Wall_Window_400x400.uasset"
[2016.08.23-09.03.51:092][  0]LogPackFactory: Copied "../../../Samples/StarterContent/Content/StarterContent/Audio/Collapse01.uasset" to "../../../../../../Users/SolidStateDick/Documents/GitHub/SpaceTDM/SpaceTDM/Content/StarterContent/Audio/Collapse01.uasset"
[2016.08.23-09.03.51:101][  0]LogPackFactory: Copied "../../../Samples/StarterContent/Content/StarterContent/Audio/Collapse02.uasset" to "../../../../../../Users/SolidStateDick/Documents/GitHub/SpaceTDM/SpaceTDM/Content/StarterContent/Audio/Collapse02.uasset"
[2016.08.23-09.03.51:106][  0]LogPackFactory: Copied "../../../Samples/StarterContent/Content/StarterContent/Audio/Collapse_Cue.uasset" to "../../../../../../Users/SolidStateDick/Documents/GitHub/SpaceTDM/SpaceTDM/Content/StarterContent/Audio/Collapse_Cue.uasset"
[2016.08.23-09.03.51:115][  0]LogPackFactory: Copied "../../../Samples/StarterContent/Content/StarterContent/Audio/Explosion01.uasset" to "../../../../../../Users/SolidStateDick/Documents/GitHub/SpaceTDM/SpaceTDM/Content/StarterContent/Audio/Explosion01.uasset"
[2016.08.23-09.03.51:124][  0]LogPackFactory: Copied "../../../Samples/StarterContent/Content/StarterContent/Audio/Explosion02.uasset" to "../../../../../../Users/SolidStateDick/Documents/GitHub/SpaceTDM/SpaceTDM/Content/StarterContent/Audio/Explosion02.uasset"
[2016.08.23-09.03.51:129][  0]LogPackFactory: Copied "../../../Samples/StarterContent/Content/StarterContent/Audio/Explosion_Cue.uasset" to "../../../../../../Users/SolidStateDick/Documents/GitHub/SpaceTDM/SpaceTDM/Content/StarterContent/Audio/Explosion_Cue.uasset"
[2016.08.23-09.03.51:138][  0]LogPackFactory: Copied "../../../Samples/StarterContent/Content/StarterContent/Audio/Fire01.uasset" to "../../../../../../Users/SolidStateDick/Documents/GitHub/SpaceTDM/SpaceTDM/Content/StarterContent/Audio/Fire01.uasset"
[2016.08.23-09.03.51:140][  0]LogPackFactory: Copied "../../../Samples/StarterContent/Content/StarterContent/Audio/Fire01_Cue.uasset" to "../../../../../../Users/SolidStateDick/Documents/GitHub/SpaceTDM/SpaceTDM/Content/StarterContent/Audio/Fire01_Cue.uasset"
[2016.08.23-09.03.51:151][  0]LogPackFactory: Copied "../../../Samples/StarterContent/Content/StarterContent/Audio/Fire_Sparks01.uasset" to "../../../../../../Users/SolidStateDick/Documents/GitHub/SpaceTDM/SpaceTDM/Content/StarterContent/Audio/Fire_Sparks01.uasset"
[2016.08.23-09.03.51:154][  0]LogPackFactory: Copied "../../../Samples/StarterContent/Content/StarterContent/Audio/Fire_Sparks01_Cue.uasset" to "../../../../../../Users/SolidStateDick/Documents/GitHub/SpaceTDM/SpaceTDM/Content/StarterContent/Audio/Fire_Sparks01_Cue.uasset"
[2016.08.23-09.03.51:165][  0]LogPackFactory: Copied "../../../Samples/StarterContent/Content/StarterContent/Audio/Light01.uasset" to "../../../../../../Users/SolidStateDick/Documents/GitHub/SpaceTDM/SpaceTDM/Content/StarterContent/Audio/Light01.uasset"
[2016.08.23-09.03.51:170][  0]LogPackFactory: Copied "../../../Samples/StarterContent/Content/StarterContent/Audio/Light01_Cue.uasset" to "../../../../../../Users/SolidStateDick/Documents/GitHub/SpaceTDM/SpaceTDM/Content/StarterContent/Audio/Light01_Cue.uasset"
[2016.08.23-09.03.51:179][  0]LogPackFactory: Copied "../../../Samples/StarterContent/Content/StarterContent/Audio/Light02.uasset" to "../../../../../../Users/SolidStateDick/Documents/GitHub/SpaceTDM/SpaceTDM/Content/StarterContent/Audio/Light02.uasset"
[2016.08.23-09.03.51:185][  0]LogPackFactory: Copied "../../../Samples/StarterContent/Content/StarterContent/Audio/Light02_Cue.uasset" to "../../../../../../Users/SolidStateDick/Documents/GitHub/SpaceTDM/SpaceTDM/Content/StarterContent/Audio/Light02_Cue.uasset"
[2016.08.23-09.03.51:195][  0]LogPackFactory: Copied "../../../Samples/StarterContent/Content/StarterContent/Audio/Smoke01.uasset" to "../../../../../../Users/SolidStateDick/Documents/GitHub/SpaceTDM/SpaceTDM/Content/StarterContent/Audio/Smoke01.uasset"
[2016.08.23-09.03.51:197][  0]LogPackFactory: Copied "../../../Samples/StarterContent/Content/StarterContent/Audio/Smoke01_Cue.uasset" to "../../../../../../Users/SolidStateDick/Documents/GitHub/SpaceTDM/SpaceTDM/Content/StarterContent/Audio/Smoke01_Cue.uasset"
[2016.08.23-09.03.51:206][  0]LogPackFactory: Copied "../../../Samples/StarterContent/Content/StarterContent/Audio/Starter_Background_Cue.uasset" to "../../../../../../Users/SolidStateDick/Documents/GitHub/SpaceTDM/SpaceTDM/Content/StarterContent/Audio/Starter_Background_Cue.uasset"
[2016.08.23-09.03.51:221][  0]LogPackFactory: Copied "../../../Samples/StarterContent/Content/StarterContent/Audio/Starter_Birds01.uasset" to "../../../../../../Users/SolidStateDick/Documents/GitHub/SpaceTDM/SpaceTDM/Content/StarterContent/Audio/Starter_Birds01.uasset"
[2016.08.23-09.03.51:250][  0]LogPackFactory: Copied "../../../Samples/StarterContent/Content/StarterContent/Audio/Starter_Music01.uasset" to "../../../../../../Users/SolidStateDick/Documents/GitHub/SpaceTDM/SpaceTDM/Content/StarterContent/Audio/Starter_Music01.uasset"
[2016.08.23-09.03.51:253][  0]LogPackFactory: Copied "../../../Samples/StarterContent/Content/StarterContent/Audio/Starter_Music_Cue.uasset" to "../../../../../../Users/SolidStateDick/Documents/GitHub/SpaceTDM/SpaceTDM/Content/StarterContent/Audio/Starter_Music_Cue.uasset"
[2016.08.23-09.03.51:267][  0]LogPackFactory: Copied "../../../Samples/StarterContent/Content/StarterContent/Audio/Starter_Wind05.uasset" to "../../../../../../Users/SolidStateDick/Documents/GitHub/SpaceTDM/SpaceTDM/Content/StarterContent/Audio/Starter_Wind05.uasset"
[2016.08.23-09.03.51:281][  0]LogPackFactory: Copied "../../../Samples/StarterContent/Content/StarterContent/Audio/Starter_Wind06.uasset" to "../../../../../../Users/SolidStateDick/Documents/GitHub/SpaceTDM/SpaceTDM/Content/StarterContent/Audio/Starter_Wind06.uasset"
[2016.08.23-09.03.51:291][  0]LogPackFactory: Copied "../../../Samples/StarterContent/Content/StarterContent/Audio/Steam01.uasset" to "../../../../../../Users/SolidStateDick/Documents/GitHub/SpaceTDM/SpaceTDM/Content/StarterContent/Audio/Steam01.uasset"
[2016.08.23-09.03.51:296][  0]LogPackFactory: Copied "../../../Samples/StarterContent/Content/StarterContent/Audio/Steam01_Cue.uasset" to "../../../../../../Users/SolidStateDick/Documents/GitHub/SpaceTDM/SpaceTDM/Content/StarterContent/Audio/Steam01_Cue.uasset"
[2016.08.23-09.03.51:306][  0]LogPackFactory: Copied "../../../Samples/StarterContent/Content/StarterContent/Blueprints/Blueprint_CeilingLight.uasset" to "../../../../../../Users/SolidStateDick/Documents/GitHub/SpaceTDM/SpaceTDM/Content/StarterContent/Blueprints/Blueprint_CeilingLight.uasset"
[2016.08.23-09.03.51:316][  0]LogPackFactory: Copied "../../../Samples/StarterContent/Content/StarterContent/Blueprints/Blueprint_Effect_Explosion.uasset" to "../../../../../../Users/SolidStateDick/Documents/GitHub/SpaceTDM/SpaceTDM/Content/StarterContent/Blueprints/Blueprint_Effect_Explosion.uasset"
[2016.08.23-09.03.51:324][  0]LogPackFactory: Copied "../../../Samples/StarterContent/Content/StarterContent/Blueprints/Blueprint_Effect_Fire.uasset" to "../../../../../../Users/SolidStateDick/Documents/GitHub/SpaceTDM/SpaceTDM/Content/StarterContent/Blueprints/Blueprint_Effect_Fire.uasset"
[2016.08.23-09.03.51:333][  0]LogPackFactory: Copied "../../../Samples/StarterContent/Content/StarterContent/Blueprints/Blueprint_Effect_Smoke.uasset" to "../../../../../../Users/SolidStateDick/Documents/GitHub/SpaceTDM/SpaceTDM/Content/StarterContent/Blueprints/Blueprint_Effect_Smoke.uasset"
[2016.08.23-09.03.51:342][  0]LogPackFactory: Copied "../../../Samples/StarterContent/Content/StarterContent/Blueprints/Blueprint_Effect_Sparks.uasset" to "../../../../../../Users/SolidStateDick/Documents/GitHub/SpaceTDM/SpaceTDM/Content/StarterContent/Blueprints/Blueprint_Effect_Sparks.uasset"
[2016.08.23-09.03.51:352][  0]LogPackFactory: Copied "../../../Samples/StarterContent/Content/StarterContent/Blueprints/Blueprint_Effect_Steam.uasset" to "../../../../../../Users/SolidStateDick/Documents/GitHub/SpaceTDM/SpaceTDM/Content/StarterContent/Blueprints/Blueprint_Effect_Steam.uasset"
[2016.08.23-09.03.51:363][  0]LogPackFactory: Copied "../../../Samples/StarterContent/Content/StarterContent/Blueprints/Blueprint_WallSconce.uasset" to "../../../../../../Users/SolidStateDick/Documents/GitHub/SpaceTDM/SpaceTDM/Content/StarterContent/Blueprints/Blueprint_WallSconce.uasset"
[2016.08.23-09.03.51:373][  0]LogPackFactory: Copied "../../../Samples/StarterContent/Content/StarterContent/Blueprints/BP_LightStudio.uasset" to "../../../../../../Users/SolidStateDick/Documents/GitHub/SpaceTDM/SpaceTDM/Content/StarterContent/Blueprints/BP_LightStudio.uasset"
[2016.08.23-09.03.51:376][  0]LogPackFactory: Copied "../../../Samples/StarterContent/Content/StarterContent/Blueprints/Assets/FogBrightnessLUT.uasset" to "../../../../../../Users/SolidStateDick/Documents/GitHub/SpaceTDM/SpaceTDM/Content/StarterContent/Blueprints/Assets/FogBrightnessLUT.uasset"
[2016.08.23-09.03.51:386][  0]LogPackFactory: Copied "../../../Samples/StarterContent/Content/StarterContent/Blueprints/Assets/M_LightStage_Arrows.uasset" to "../../../../../../Users/SolidStateDick/Documents/GitHub/SpaceTDM/SpaceTDM/Content/StarterContent/Blueprints/Assets/M_LightStage_Arrows.uasset"
[2016.08.23-09.03.51:395][  0]LogPackFactory: Copied "../../../Samples/StarterContent/Content/StarterContent/Blueprints/Assets/M_LightStage_Skybox_Black.uasset" to "../../../../../../Users/SolidStateDick/Documents/GitHub/SpaceTDM/SpaceTDM/Content/StarterContent/Blueprints/Assets/M_LightStage_Skybox_Black.uasset"
[2016.08.23-09.03.51:406][  0]LogPackFactory: Copied "../../../Samples/StarterContent/Content/StarterContent/Blueprints/Assets/M_LightStage_Skybox_HDRI.uasset" to "../../../../../../Users/SolidStateDick/Documents/GitHub/SpaceTDM/SpaceTDM/Content/StarterContent/Blueprints/Assets/M_LightStage_Skybox_HDRI.uasset"
[2016.08.23-09.03.51:414][  0]LogPackFactory: Copied "../../../Samples/StarterContent/Content/StarterContent/Blueprints/Assets/M_LightStage_Skybox_Master.uasset" to "../../../../../../Users/SolidStateDick/Documents/GitHub/SpaceTDM/SpaceTDM/Content/StarterContent/Blueprints/Assets/M_LightStage_Skybox_Master.uasset"
[2016.08.23-09.03.51:424][  0]LogPackFactory: Copied "../../../Samples/StarterContent/Content/StarterContent/Blueprints/Assets/Skybox.uasset" to "../../../../../../Users/SolidStateDick/Documents/GitHub/SpaceTDM/SpaceTDM/Content/StarterContent/Blueprints/Assets/Skybox.uasset"
[2016.08.23-09.03.51:435][  0]LogPackFactory: Copied "../../../Samples/StarterContent/Content/StarterContent/Blueprints/Assets/SM_Arrows.uasset" to "../../../../../../Users/SolidStateDick/Documents/GitHub/SpaceTDM/SpaceTDM/Content/StarterContent/Blueprints/Assets/SM_Arrows.uasset"
[2016.08.23-09.03.51:437][  0]LogPackFactory: Copied "../../../Samples/StarterContent/Content/StarterContent/Blueprints/Assets/SunlightColorLUT.uasset" to "../../../../../../Users/SolidStateDick/Documents/GitHub/SpaceTDM/SpaceTDM/Content/StarterContent/Blueprints/Assets/SunlightColorLUT.uasset"
[2016.08.23-09.03.51:696][  0]LogPackFactory: Copied "../../../Samples/StarterContent/Content/StarterContent/HDRI/HDRI_Epic_Courtyard_Daylight.uasset" to "../../../../../../Users/SolidStateDick/Documents/GitHub/SpaceTDM/SpaceTDM/Content/StarterContent/HDRI/HDRI_Epic_Courtyard_Daylight.uasset"
[2016.08.23-09.03.51:706][  0]LogPackFactory: Copied "../../../Samples/StarterContent/Content/StarterContent/Maps/Advanced_Lighting.umap" to "../../../../../../Users/SolidStateDick/Documents/GitHub/SpaceTDM/SpaceTDM/Content/StarterContent/Maps/Advanced_Lighting.umap"
[2016.08.23-09.03.51:720][  0]LogPackFactory: Copied "../../../Samples/StarterContent/Content/StarterContent/Maps/Minimal_Default.umap" to "../../../../../../Users/SolidStateDick/Documents/GitHub/SpaceTDM/SpaceTDM/Content/StarterContent/Maps/Minimal_Default.umap"
[2016.08.23-09.03.51:769][  0]LogPackFactory: Copied "../../../Samples/StarterContent/Content/StarterContent/Maps/StarterMap.umap" to "../../../../../../Users/SolidStateDick/Documents/GitHub/SpaceTDM/SpaceTDM/Content/StarterContent/Maps/StarterMap.umap"
[2016.08.23-09.03.51:780][  0]LogPackFactory: Copied "../../../Samples/StarterContent/Content/StarterContent/Materials/M_AssetPlatform.uasset" to "../../../../../../Users/SolidStateDick/Documents/GitHub/SpaceTDM/SpaceTDM/Content/StarterContent/Materials/M_AssetPlatform.uasset"
[2016.08.23-09.03.51:790][  0]LogPackFactory: Copied "../../../Samples/StarterContent/Content/StarterContent/Materials/M_Basic_Floor.uasset" to "../../../../../../Users/SolidStateDick/Documents/GitHub/SpaceTDM/SpaceTDM/Content/StarterContent/Materials/M_Basic_Floor.uasset"
[2016.08.23-09.03.51:799][  0]LogPackFactory: Copied "../../../Samples/StarterContent/Content/StarterContent/Materials/M_Basic_Wall.uasset" to "../../../../../../Users/SolidStateDick/Documents/GitHub/SpaceTDM/SpaceTDM/Content/StarterContent/Materials/M_Basic_Wall.uasset"
[2016.08.23-09.03.51:809][  0]LogPackFactory: Copied "../../../Samples/StarterContent/Content/StarterContent/Materials/M_Brick_Clay_Beveled.uasset" to "../../../../../../Users/SolidStateDick/Documents/GitHub/SpaceTDM/SpaceTDM/Content/StarterContent/Materials/M_Brick_Clay_Beveled.uasset"
[2016.08.23-09.03.51:818][  0]LogPackFactory: Copied "../../../Samples/StarterContent/Content/StarterContent/Materials/M_Brick_Clay_New.uasset" to "../../../../../../Users/SolidStateDick/Documents/GitHub/SpaceTDM/SpaceTDM/Content/StarterContent/Materials/M_Brick_Clay_New.uasset"
[2016.08.23-09.03.51:827][  0]LogPackFactory: Copied "../../../Samples/StarterContent/Content/StarterContent/Materials/M_Brick_Clay_Old.uasset" to "../../../../../../Users/SolidStateDick/Documents/GitHub/SpaceTDM/SpaceTDM/Content/StarterContent/Materials/M_Brick_Clay_Old.uasset"
[2016.08.23-09.03.51:837][  0]LogPackFactory: Copied "../../../Samples/StarterContent/Content/StarterContent/Materials/M_Brick_Cut_Stone.uasset" to "../../../../../../Users/SolidStateDick/Documents/GitHub/SpaceTDM/SpaceTDM/Content/StarterContent/Materials/M_Brick_Cut_Stone.uasset"
[2016.08.23-09.03.51:846][  0]LogPackFactory: Copied "../../../Samples/StarterContent/Content/StarterContent/Materials/M_Brick_Hewn_Stone.uasset" to "../../../../../../Users/SolidStateDick/Documents/GitHub/SpaceTDM/SpaceTDM/Content/StarterContent/Materials/M_Brick_Hewn_Stone.uasset"
[2016.08.23-09.03.51:855][  0]LogPackFactory: Copied "../../../Samples/StarterContent/Content/StarterContent/Materials/M_Ceramic_Tile_Checker.uasset" to "../../../../../../Users/SolidStateDick/Documents/GitHub/SpaceTDM/SpaceTDM/Content/StarterContent/Materials/M_Ceramic_Tile_Checker.uasset"
[2016.08.23-09.03.51:865][  0]LogPackFactory: Copied "../../../Samples/StarterContent/Content/StarterContent/Materials/M_CobbleStone_Pebble.uasset" to "../../../../../../Users/SolidStateDick/Documents/GitHub/SpaceTDM/SpaceTDM/Content/StarterContent/Materials/M_CobbleStone_Pebble.uasset"
[2016.08.23-09.03.51:875][  0]LogPackFactory: Copied "../../../Samples/StarterContent/Content/StarterContent/Materials/M_CobbleStone_Rough.uasset" to "../../../../../../Users/SolidStateDick/Documents/GitHub/SpaceTDM/SpaceTDM/Content/StarterContent/Materials/M_CobbleStone_Rough.uasset"
[2016.08.23-09.03.51:885][  0]LogPackFactory: Copied "../../../Samples/StarterContent/Content/StarterContent/Materials/M_CobbleStone_Smooth.uasset" to "../../../../../../Users/SolidStateDick/Documents/GitHub/SpaceTDM/SpaceTDM/Content/StarterContent/Materials/M_CobbleStone_Smooth.uasset"
[2016.08.23-09.03.51:895][  0]LogPackFactory: Copied "../../../Samples/StarterContent/Content/StarterContent/Materials/M_ColorGrid_LowSpec.uasset" to "../../../../../../Users/SolidStateDick/Documents/GitHub/SpaceTDM/SpaceTDM/Content/StarterContent/Materials/M_ColorGrid_LowSpec.uasset"
[2016.08.23-09.03.51:905][  0]LogPackFactory: Copied "../../../Samples/StarterContent/Content/StarterContent/Materials/M_Concrete_Grime.uasset" to "../../../../../../Users/SolidStateDick/Documents/GitHub/SpaceTDM/SpaceTDM/Content/StarterContent/Materials/M_Concrete_Grime.uasset"
[2016.08.23-09.03.51:912][  0]LogPackFactory: Copied "../../../Samples/StarterContent/Content/StarterContent/Materials/M_Concrete_Panels.uasset" to "../../../../../../Users/SolidStateDick/Documents/GitHub/SpaceTDM/SpaceTDM/Content/StarterContent/Materials/M_Concrete_Panels.uasset"
[2016.08.23-09.03.51:921][  0]LogPackFactory: Copied "../../../Samples/StarterContent/Content/StarterContent/Materials/M_Concrete_Poured.uasset" to "../../../../../../Users/SolidStateDick/Documents/GitHub/SpaceTDM/SpaceTDM/Content/StarterContent/Materials/M_Concrete_Poured.uasset"
[2016.08.23-09.03.51:930][  0]LogPackFactory: Copied "../../../Samples/StarterContent/Content/StarterContent/Materials/M_Concrete_Tiles.uasset" to "../../../../../../Users/SolidStateDick/Documents/GitHub/SpaceTDM/SpaceTDM/Content/StarterContent/Materials/M_Concrete_Tiles.uasset"
[2016.08.23-09.03.51:939][  0]LogPackFactory: Copied "../../../Samples/StarterContent/Content/StarterContent/Materials/M_Glass.uasset" to "../../../../../../Users/SolidStateDick/Documents/GitHub/SpaceTDM/SpaceTDM/Content/StarterContent/Materials/M_Glass.uasset"
[2016.08.23-09.03.51:947][  0]LogPackFactory: Copied "../../../Samples/StarterContent/Content/StarterContent/Materials/M_Ground_Grass.uasset" to "../../../../../../Users/SolidStateDick/Documents/GitHub/SpaceTDM/SpaceTDM/Content/StarterContent/Materials/M_Ground_Grass.uasset"
[2016.08.23-09.03.51:955][  0]LogPackFactory: Copied "../../../Samples/StarterContent/Content/StarterContent/Materials/M_Ground_Gravel.uasset" to "../../../../../../Users/SolidStateDick/Documents/GitHub/SpaceTDM/SpaceTDM/Content/StarterContent/Materials/M_Ground_Gravel.uasset"
[2016.08.23-09.03.51:965][  0]LogPackFactory: Copied "../../../Samples/StarterContent/Content/StarterContent/Materials/M_Ground_Moss.uasset" to "../../../../../../Users/SolidStateDick/Documents/GitHub/SpaceTDM/SpaceTDM/Content/StarterContent/Materials/M_Ground_Moss.uasset"
[2016.08.23-09.03.51:974][  0]LogPackFactory: Copied "../../../Samples/StarterContent/Content/StarterContent/Materials/M_Metal_Brushed_Nickel.uasset" to "../../../../../../Users/SolidStateDick/Documents/GitHub/SpaceTDM/SpaceTDM/Content/StarterContent/Materials/M_Metal_Brushed_Nickel.uasset"
[2016.08.23-09.03.51:984][  0]LogPackFactory: Copied "../../../Samples/StarterContent/Content/StarterContent/Materials/M_Metal_Burnished_Steel.uasset" to "../../../../../../Users/SolidStateDick/Documents/GitHub/SpaceTDM/SpaceTDM/Content/StarterContent/Materials/M_Metal_Burnished_Steel.uasset"
[2016.08.23-09.03.51:994][  0]LogPackFactory: Copied "../../../Samples/StarterContent/Content/StarterContent/Materials/M_Metal_Chrome.uasset" to "../../../../../../Users/SolidStateDick/Documents/GitHub/SpaceTDM/SpaceTDM/Content/StarterContent/Materials/M_Metal_Chrome.uasset"
[2016.08.23-09.03.52:004][  0]LogPackFactory: Copied "../../../Samples/StarterContent/Content/StarterContent/Materials/M_Metal_Copper.uasset" to "../../../../../../Users/SolidStateDick/Documents/GitHub/SpaceTDM/SpaceTDM/Content/StarterContent/Materials/M_Metal_Copper.uasset"
[2016.08.23-09.03.52:014][  0]LogPackFactory: Copied "../../../Samples/StarterContent/Content/StarterContent/Materials/M_Metal_Gold.uasset" to "../../../../../../Users/SolidStateDick/Documents/GitHub/SpaceTDM/SpaceTDM/Content/StarterContent/Materials/M_Metal_Gold.uasset"
[2016.08.23-09.03.52:025][  0]LogPackFactory: Copied "../../../Samples/StarterContent/Content/StarterContent/Materials/M_Metal_Rust.uasset" to "../../../../../../Users/SolidStateDick/Documents/GitHub/SpaceTDM/SpaceTDM/Content/StarterContent/Materials/M_Metal_Rust.uasset"
[2016.08.23-09.03.52:036][  0]LogPackFactory: Copied "../../../Samples/StarterContent/Content/StarterContent/Materials/M_Metal_Steel.uasset" to "../../../../../../Users/SolidStateDick/Documents/GitHub/SpaceTDM/SpaceTDM/Content/StarterContent/Materials/M_Metal_Steel.uasset"
[2016.08.23-09.03.52:045][  0]LogPackFactory: Copied "../../../Samples/StarterContent/Content/StarterContent/Materials/M_Rock_Basalt.uasset" to "../../../../../../Users/SolidStateDick/Documents/GitHub/SpaceTDM/SpaceTDM/Content/StarterContent/Materials/M_Rock_Basalt.uasset"
[2016.08.23-09.03.52:054][  0]LogPackFactory: Copied "../../../Samples/StarterContent/Content/StarterContent/Materials/M_Rock_Marble_Polished.uasset" to "../../../../../../Users/SolidStateDick/Documents/GitHub/SpaceTDM/SpaceTDM/Content/StarterContent/Materials/M_Rock_Marble_Polished.uasset"
[2016.08.23-09.03.52:062][  0]LogPackFactory: Copied "../../../Samples/StarterContent/Content/StarterContent/Materials/M_Rock_Sandstone.uasset" to "../../../../../../Users/SolidStateDick/Documents/GitHub/SpaceTDM/SpaceTDM/Content/StarterContent/Materials/M_Rock_Sandstone.uasset"
[2016.08.23-09.03.52:072][  0]LogPackFactory: Copied "../../../Samples/StarterContent/Content/StarterContent/Materials/M_Rock_Slate.uasset" to "../../../../../../Users/SolidStateDick/Documents/GitHub/SpaceTDM/SpaceTDM/Content/StarterContent/Materials/M_Rock_Slate.uasset"
[2016.08.23-09.03.52:081][  0]LogPackFactory: Copied "../../../Samples/StarterContent/Content/StarterContent/Materials/M_Tech_Checker_Dot.uasset" to "../../../../../../Users/SolidStateDick/Documents/GitHub/SpaceTDM/SpaceTDM/Content/StarterContent/Materials/M_Tech_Checker_Dot.uasset"
[2016.08.23-09.03.52:091][  0]LogPackFactory: Copied "../../../Samples/StarterContent/Content/StarterContent/Materials/M_Tech_Hex_Tile.uasset" to "../../../../../../Users/SolidStateDick/Documents/GitHub/SpaceTDM/SpaceTDM/Content/StarterContent/Materials/M_Tech_Hex_Tile.uasset"
[2016.08.23-09.03.52:100][  0]LogPackFactory: Copied "../../../Samples/StarterContent/Content/StarterContent/Materials/M_Tech_Hex_Tile_Pulse.uasset" to "../../../../../../Users/SolidStateDick/Documents/GitHub/SpaceTDM/SpaceTDM/Content/StarterContent/Materials/M_Tech_Hex_Tile_Pulse.uasset"
[2016.08.23-09.03.52:110][  0]LogPackFactory: Copied "../../../Samples/StarterContent/Content/StarterContent/Materials/M_Tech_Panel.uasset" to "../../../../../../Users/SolidStateDick/Documents/GitHub/SpaceTDM/SpaceTDM/Content/StarterContent/Materials/M_Tech_Panel.uasset"
[2016.08.23-09.03.52:119][  0]LogPackFactory: Copied "../../../Samples/StarterContent/Content/StarterContent/Materials/M_Water_Lake.uasset" to "../../../../../../Users/SolidStateDick/Documents/GitHub/SpaceTDM/SpaceTDM/Content/StarterContent/Materials/M_Water_Lake.uasset"
[2016.08.23-09.03.52:128][  0]LogPackFactory: Copied "../../../Samples/StarterContent/Content/StarterContent/Materials/M_Water_Ocean.uasset" to "../../../../../../Users/SolidStateDick/Documents/GitHub/SpaceTDM/SpaceTDM/Content/StarterContent/Materials/M_Water_Ocean.uasset"
[2016.08.23-09.03.52:137][  0]LogPackFactory: Copied "../../../Samples/StarterContent/Content/StarterContent/Materials/M_Wood_Floor_Walnut_Polished.uasset" to "../../../../../../Users/SolidStateDick/Documents/GitHub/SpaceTDM/SpaceTDM/Content/StarterContent/Materials/M_Wood_Floor_Walnut_Polished.uasset"
[2016.08.23-09.03.52:147][  0]LogPackFactory: Copied "../../../Samples/StarterContent/Content/StarterContent/Materials/M_Wood_Floor_Walnut_Worn.uasset" to "../../../../../../Users/SolidStateDick/Documents/GitHub/SpaceTDM/SpaceTDM/Content/StarterContent/Materials/M_Wood_Floor_Walnut_Worn.uasset"
[2016.08.23-09.03.52:156][  0]LogPackFactory: Copied "../../../Samples/StarterContent/Content/StarterContent/Materials/M_Wood_Oak.uasset" to "../../../../../../Users/SolidStateDick/Documents/GitHub/SpaceTDM/SpaceTDM/Content/StarterContent/Materials/M_Wood_Oak.uasset"
[2016.08.23-09.03.52:165][  0]LogPackFactory: Copied "../../../Samples/StarterContent/Content/StarterContent/Materials/M_Wood_Pine.uasset" to "../../../../../../Users/SolidStateDick/Documents/GitHub/SpaceTDM/SpaceTDM/Content/StarterContent/Materials/M_Wood_Pine.uasset"
[2016.08.23-09.03.52:174][  0]LogPackFactory: Copied "../../../Samples/StarterContent/Content/StarterContent/Materials/M_Wood_Walnut.uasset" to "../../../../../../Users/SolidStateDick/Documents/GitHub/SpaceTDM/SpaceTDM/Content/StarterContent/Materials/M_Wood_Walnut.uasset"
[2016.08.23-09.03.52:183][  0]LogPackFactory: Copied "../../../Samples/StarterContent/Content/StarterContent/Particles/P_Ambient_Dust.uasset" to "../../../../../../Users/SolidStateDick/Documents/GitHub/SpaceTDM/SpaceTDM/Content/StarterContent/Particles/P_Ambient_Dust.uasset"
[2016.08.23-09.03.52:193][  0]LogPackFactory: Copied "../../../Samples/StarterContent/Content/StarterContent/Particles/P_Explosion.uasset" to "../../../../../../Users/SolidStateDick/Documents/GitHub/SpaceTDM/SpaceTDM/Content/StarterContent/Particles/P_Explosion.uasset"
[2016.08.23-09.03.52:203][  0]LogPackFactory: Copied "../../../Samples/StarterContent/Content/StarterContent/Particles/P_Fire.uasset" to "../../../../../../Users/SolidStateDick/Documents/GitHub/SpaceTDM/SpaceTDM/Content/StarterContent/Particles/P_Fire.uasset"
[2016.08.23-09.03.52:212][  0]LogPackFactory: Copied "../../../Samples/StarterContent/Content/StarterContent/Particles/P_Smoke.uasset" to "../../../../../../Users/SolidStateDick/Documents/GitHub/SpaceTDM/SpaceTDM/Content/StarterContent/Particles/P_Smoke.uasset"
[2016.08.23-09.03.52:221][  0]LogPackFactory: Copied "../../../Samples/StarterContent/Content/StarterContent/Particles/P_Sparks.uasset" to "../../../../../../Users/SolidStateDick/Documents/GitHub/SpaceTDM/SpaceTDM/Content/StarterContent/Particles/P_Sparks.uasset"
[2016.08.23-09.03.52:229][  0]LogPackFactory: Copied "../../../Samples/StarterContent/Content/StarterContent/Particles/P_Steam_Lit.uasset" to "../../../../../../Users/SolidStateDick/Documents/GitHub/SpaceTDM/SpaceTDM/Content/StarterContent/Particles/P_Steam_Lit.uasset"
[2016.08.23-09.03.52:239][  0]LogPackFactory: Copied "../../../Samples/StarterContent/Content/StarterContent/Particles/Materials/M_Burst.uasset" to "../../../../../../Users/SolidStateDick/Documents/GitHub/SpaceTDM/SpaceTDM/Content/StarterContent/Particles/Materials/M_Burst.uasset"
[2016.08.23-09.03.52:249][  0]LogPackFactory: Copied "../../../Samples/StarterContent/Content/StarterContent/Particles/Materials/M_Dust_Particle.uasset" to "../../../../../../Users/SolidStateDick/Documents/GitHub/SpaceTDM/SpaceTDM/Content/StarterContent/Particles/Materials/M_Dust_Particle.uasset"
[2016.08.23-09.03.52:260][  0]LogPackFactory: Copied "../../../Samples/StarterContent/Content/StarterContent/Particles/Materials/M_explosion_subUV.uasset" to "../../../../../../Users/SolidStateDick/Documents/GitHub/SpaceTDM/SpaceTDM/Content/StarterContent/Particles/Materials/M_explosion_subUV.uasset"
[2016.08.23-09.03.52:269][  0]LogPackFactory: Copied "../../../Samples/StarterContent/Content/StarterContent/Particles/Materials/M_Fire_SubUV.uasset" to "../../../../../../Users/SolidStateDick/Documents/GitHub/SpaceTDM/SpaceTDM/Content/StarterContent/Particles/Materials/M_Fire_SubUV.uasset"
[2016.08.23-09.03.52:278][  0]LogPackFactory: Copied "../../../Samples/StarterContent/Content/StarterContent/Particles/Materials/m_flare_01.uasset" to "../../../../../../Users/SolidStateDick/Documents/GitHub/SpaceTDM/SpaceTDM/Content/StarterContent/Particles/Materials/m_flare_01.uasset"
[2016.08.23-09.03.52:286][  0]LogPackFactory: Copied "../../../Samples/StarterContent/Content/StarterContent/Particles/Materials/M_Heat_Distortion.uasset" to "../../../../../../Users/SolidStateDick/Documents/GitHub/SpaceTDM/SpaceTDM/Content/StarterContent/Particles/Materials/M_Heat_Distortion.uasset"
[2016.08.23-09.03.52:295][  0]LogPackFactory: Copied "../../../Samples/StarterContent/Content/StarterContent/Particles/Materials/M_Radial_Gradient.uasset" to "../../../../../../Users/SolidStateDick/Documents/GitHub/SpaceTDM/SpaceTDM/Content/StarterContent/Particles/Materials/M_Radial_Gradient.uasset"
[2016.08.23-09.03.52:307][  0]LogPackFactory: Copied "../../../Samples/StarterContent/Content/StarterContent/Particles/Materials/M_radial_ramp.uasset" to "../../../../../../Users/SolidStateDick/Documents/GitHub/SpaceTDM/SpaceTDM/Content/StarterContent/Particles/Materials/M_radial_ramp.uasset"
[2016.08.23-09.03.52:318][  0]LogPackFactory: Copied "../../../Samples/StarterContent/Content/StarterContent/Particles/Materials/M_smoke_subUV.uasset" to "../../../../../../Users/SolidStateDick/Documents/GitHub/SpaceTDM/SpaceTDM/Content/StarterContent/Particles/Materials/M_smoke_subUV.uasset"
[2016.08.23-09.03.52:328][  0]LogPackFactory: Copied "../../../Samples/StarterContent/Content/StarterContent/Particles/Materials/M_Spark.uasset" to "../../../../../../Users/SolidStateDick/Documents/GitHub/SpaceTDM/SpaceTDM/Content/StarterContent/Particles/Materials/M_Spark.uasset"
[2016.08.23-09.03.52:343][  0]LogPackFactory: Copied "../../../Samples/StarterContent/Content/StarterContent/Props/MaterialSphere.uasset" to "../../../../../../Users/SolidStateDick/Documents/GitHub/SpaceTDM/SpaceTDM/Content/StarterContent/Props/MaterialSphere.uasset"
[2016.08.23-09.03.52:356][  0]LogPackFactory: Copied "../../../Samples/StarterContent/Content/StarterContent/Props/SM_Bush.uasset" to "../../../../../../Users/SolidStateDick/Documents/GitHub/SpaceTDM/SpaceTDM/Content/StarterContent/Props/SM_Bush.uasset"
[2016.08.23-09.03.52:372][  0]LogPackFactory: Copied "../../../Samples/StarterContent/Content/StarterContent/Props/SM_Chair.uasset" to "../../../../../../Users/SolidStateDick/Documents/GitHub/SpaceTDM/SpaceTDM/Content/StarterContent/Props/SM_Chair.uasset"
[2016.08.23-09.03.52:388][  0]LogPackFactory: Copied "../../../Samples/StarterContent/Content/StarterContent/Props/SM_CornerFrame.uasset" to "../../../../../../Users/SolidStateDick/Documents/GitHub/SpaceTDM/SpaceTDM/Content/StarterContent/Props/SM_CornerFrame.uasset"
[2016.08.23-09.03.52:398][  0]LogPackFactory: Copied "../../../Samples/StarterContent/Content/StarterContent/Props/SM_Couch.uasset" to "../../../../../../Users/SolidStateDick/Documents/GitHub/SpaceTDM/SpaceTDM/Content/StarterContent/Props/SM_Couch.uasset"
[2016.08.23-09.03.52:407][  0]LogPackFactory: Copied "../../../Samples/StarterContent/Content/StarterContent/Props/SM_Door.uasset" to "../../../../../../Users/SolidStateDick/Documents/GitHub/SpaceTDM/SpaceTDM/Content/StarterContent/Props/SM_Door.uasset"
[2016.08.23-09.03.52:416][  0]LogPackFactory: Copied "../../../Samples/StarterContent/Content/StarterContent/Props/SM_DoorFrame.uasset" to "../../../../../../Users/SolidStateDick/Documents/GitHub/SpaceTDM/SpaceTDM/Content/StarterContent/Props/SM_DoorFrame.uasset"
[2016.08.23-09.03.52:426][  0]LogPackFactory: Copied "../../../Samples/StarterContent/Content/StarterContent/Props/SM_GlassWindow.uasset" to "../../../../../../Users/SolidStateDick/Documents/GitHub/SpaceTDM/SpaceTDM/Content/StarterContent/Props/SM_GlassWindow.uasset"
[2016.08.23-09.03.52:436][  0]LogPackFactory: Copied "../../../Samples/StarterContent/Content/StarterContent/Props/SM_Lamp_Ceiling.uasset" to "../../../../../../Users/SolidStateDick/Documents/GitHub/SpaceTDM/SpaceTDM/Content/StarterContent/Props/SM_Lamp_Ceiling.uasset"
[2016.08.23-09.03.52:446][  0]LogPackFactory: Copied "../../../Samples/StarterContent/Content/StarterContent/Props/SM_Lamp_Wall.uasset" to "../../../../../../Users/SolidStateDick/Documents/GitHub/SpaceTDM/SpaceTDM/Content/StarterContent/Props/SM_Lamp_Wall.uasset"
[2016.08.23-09.03.52:460][  0]LogPackFactory: Copied "../../../Samples/StarterContent/Content/StarterContent/Props/SM_MatPreviewMesh_02.uasset" to "../../../../../../Users/SolidStateDick/Documents/GitHub/SpaceTDM/SpaceTDM/Content/StarterContent/Props/SM_MatPreviewMesh_02.uasset"
[2016.08.23-09.03.52:470][  0]LogPackFactory: Copied "../../../Samples/StarterContent/Content/StarterContent/Props/SM_PillarFrame.uasset" to "../../../../../../Users/SolidStateDick/Documents/GitHub/SpaceTDM/SpaceTDM/Content/StarterContent/Props/SM_PillarFrame.uasset"
[2016.08.23-09.03.52:480][  0]LogPackFactory: Copied "../../../Samples/StarterContent/Content/StarterContent/Props/SM_PillarFrame300.uasset" to "../../../../../../Users/SolidStateDick/Documents/GitHub/SpaceTDM/SpaceTDM/Content/StarterContent/Props/SM_PillarFrame300.uasset"
[2016.08.23-09.03.52:489][  0]LogPackFactory: Copied "../../../Samples/StarterContent/Content/StarterContent/Props/SM_Rock.uasset" to "../../../../../../Users/SolidStateDick/Documents/GitHub/SpaceTDM/SpaceTDM/Content/StarterContent/Props/SM_Rock.uasset"
[2016.08.23-09.03.52:499][  0]LogPackFactory: Copied "../../../Samples/StarterContent/Content/StarterContent/Props/SM_Shelf.uasset" to "../../../../../../Users/SolidStateDick/Documents/GitHub/SpaceTDM/SpaceTDM/Content/StarterContent/Props/SM_Shelf.uasset"
[2016.08.23-09.03.52:508][  0]LogPackFactory: Copied "../../../Samples/StarterContent/Content/StarterContent/Props/SM_Stairs.uasset" to "../../../../../../Users/SolidStateDick/Documents/GitHub/SpaceTDM/SpaceTDM/Content/StarterContent/Props/SM_Stairs.uasset"
[2016.08.23-09.03.52:518][  0]LogPackFactory: Copied "../../../Samples/StarterContent/Content/StarterContent/Props/SM_Statue.uasset" to "../../../../../../Users/SolidStateDick/Documents/GitHub/SpaceTDM/SpaceTDM/Content/StarterContent/Props/SM_Statue.uasset"
[2016.08.23-09.03.52:529][  0]LogPackFactory: Copied "../../../Samples/StarterContent/Content/StarterContent/Props/SM_TableRound.uasset" to "../../../../../../Users/SolidStateDick/Documents/GitHub/SpaceTDM/SpaceTDM/Content/StarterContent/Props/SM_TableRound.uasset"
[2016.08.23-09.03.52:538][  0]LogPackFactory: Copied "../../../Samples/StarterContent/Content/StarterContent/Props/SM_WindowFrame.uasset" to "../../../../../../Users/SolidStateDick/Documents/GitHub/SpaceTDM/SpaceTDM/Content/StarterContent/Props/SM_WindowFrame.uasset"
[2016.08.23-09.03.52:547][  0]LogPackFactory: Copied "../../../Samples/StarterContent/Content/StarterContent/Props/Materials/M_Bush.uasset" to "../../../../../../Users/SolidStateDick/Documents/GitHub/SpaceTDM/SpaceTDM/Content/StarterContent/Props/Materials/M_Bush.uasset"
[2016.08.23-09.03.52:556][  0]LogPackFactory: Copied "../../../Samples/StarterContent/Content/StarterContent/Props/Materials/M_Chair.uasset" to "../../../../../../Users/SolidStateDick/Documents/GitHub/SpaceTDM/SpaceTDM/Content/StarterContent/Props/Materials/M_Chair.uasset"
[2016.08.23-09.03.52:564][  0]LogPackFactory: Copied "../../../Samples/StarterContent/Content/StarterContent/Props/Materials/M_Door.uasset" to "../../../../../../Users/SolidStateDick/Documents/GitHub/SpaceTDM/SpaceTDM/Content/StarterContent/Props/Materials/M_Door.uasset"
[2016.08.23-09.03.52:573][  0]LogPackFactory: Copied "../../../Samples/StarterContent/Content/StarterContent/Props/Materials/M_Frame.uasset" to "../../../../../../Users/SolidStateDick/Documents/GitHub/SpaceTDM/SpaceTDM/Content/StarterContent/Props/Materials/M_Frame.uasset"
[2016.08.23-09.03.52:582][  0]LogPackFactory: Copied "../../../Samples/StarterContent/Content/StarterContent/Props/Materials/M_Lamp.uasset" to "../../../../../../Users/SolidStateDick/Documents/GitHub/SpaceTDM/SpaceTDM/Content/StarterContent/Props/Materials/M_Lamp.uasset"
[2016.08.23-09.03.52:591][  0]LogPackFactory: Copied "../../../Samples/StarterContent/Content/StarterContent/Props/Materials/M_MaterialSphere.uasset" to "../../../../../../Users/SolidStateDick/Documents/GitHub/SpaceTDM/SpaceTDM/Content/StarterContent/Props/Materials/M_MaterialSphere.uasset"
[2016.08.23-09.03.52:601][  0]LogPackFactory: Copied "../../../Samples/StarterContent/Content/StarterContent/Props/Materials/M_MaterialSphere_Plain.uasset" to "../../../../../../Users/SolidStateDick/Documents/GitHub/SpaceTDM/SpaceTDM/Content/StarterContent/Props/Materials/M_MaterialSphere_Plain.uasset"
[2016.08.23-09.03.52:611][  0]LogPackFactory: Copied "../../../Samples/StarterContent/Content/StarterContent/Props/Materials/M_Rock.uasset" to "../../../../../../Users/SolidStateDick/Documents/GitHub/SpaceTDM/SpaceTDM/Content/StarterContent/Props/Materials/M_Rock.uasset"
[2016.08.23-09.03.52:620][  0]LogPackFactory: Copied "../../../Samples/StarterContent/Content/StarterContent/Props/Materials/M_Shelf.uasset" to "../../../../../../Users/SolidStateDick/Documents/GitHub/SpaceTDM/SpaceTDM/Content/StarterContent/Props/Materials/M_Shelf.uasset"
[2016.08.23-09.03.52:628][  0]LogPackFactory: Copied "../../../Samples/StarterContent/Content/StarterContent/Props/Materials/M_Statue.uasset" to "../../../../../../Users/SolidStateDick/Documents/GitHub/SpaceTDM/SpaceTDM/Content/StarterContent/Props/Materials/M_Statue.uasset"
[2016.08.23-09.03.52:647][  0]LogPackFactory: Copied "../../../Samples/StarterContent/Content/StarterContent/Props/Materials/M_StatueGlass.uasset" to "../../../../../../Users/SolidStateDick/Documents/GitHub/SpaceTDM/SpaceTDM/Content/StarterContent/Props/Materials/M_StatueGlass.uasset"
[2016.08.23-09.03.52:656][  0]LogPackFactory: Copied "../../../Samples/StarterContent/Content/StarterContent/Props/Materials/M_TableRound.uasset" to "../../../../../../Users/SolidStateDick/Documents/GitHub/SpaceTDM/SpaceTDM/Content/StarterContent/Props/Materials/M_TableRound.uasset"
[2016.08.23-09.03.52:666][  0]LogPackFactory: Copied "../../../Samples/StarterContent/Content/StarterContent/Shapes/Shape_Cone.uasset" to "../../../../../../Users/SolidStateDick/Documents/GitHub/SpaceTDM/SpaceTDM/Content/StarterContent/Shapes/Shape_Cone.uasset"
[2016.08.23-09.03.52:676][  0]LogPackFactory: Copied "../../../Samples/StarterContent/Content/StarterContent/Shapes/Shape_Cube.uasset" to "../../../../../../Users/SolidStateDick/Documents/GitHub/SpaceTDM/SpaceTDM/Content/StarterContent/Shapes/Shape_Cube.uasset"
[2016.08.23-09.03.52:685][  0]LogPackFactory: Copied "../../../Samples/StarterContent/Content/StarterContent/Shapes/Shape_Cylinder.uasset" to "../../../../../../Users/SolidStateDick/Documents/GitHub/SpaceTDM/SpaceTDM/Content/StarterContent/Shapes/Shape_Cylinder.uasset"
[2016.08.23-09.03.52:694][  0]LogPackFactory: Copied "../../../Samples/StarterContent/Content/StarterContent/Shapes/Shape_NarrowCapsule.uasset" to "../../../../../../Users/SolidStateDick/Documents/GitHub/SpaceTDM/SpaceTDM/Content/StarterContent/Shapes/Shape_NarrowCapsule.uasset"
[2016.08.23-09.03.52:705][  0]LogPackFactory: Copied "../../../Samples/StarterContent/Content/StarterContent/Shapes/Shape_Pipe.uasset" to "../../../../../../Users/SolidStateDick/Documents/GitHub/SpaceTDM/SpaceTDM/Content/StarterContent/Shapes/Shape_Pipe.uasset"
[2016.08.23-09.03.52:716][  0]LogPackFactory: Copied "../../../Samples/StarterContent/Content/StarterContent/Shapes/Shape_Pipe_180.uasset" to "../../../../../../Users/SolidStateDick/Documents/GitHub/SpaceTDM/SpaceTDM/Content/StarterContent/Shapes/Shape_Pipe_180.uasset"
[2016.08.23-09.03.52:729][  0]LogPackFactory: Copied "../../../Samples/StarterContent/Content/StarterContent/Shapes/Shape_Pipe_90.uasset" to "../../../../../../Users/SolidStateDick/Documents/GitHub/SpaceTDM/SpaceTDM/Content/StarterContent/Shapes/Shape_Pipe_90.uasset"
[2016.08.23-09.03.52:741][  0]LogPackFactory: Copied "../../../Samples/StarterContent/Content/StarterContent/Shapes/Shape_Plane.uasset" to "../../../../../../Users/SolidStateDick/Documents/GitHub/SpaceTDM/SpaceTDM/Content/StarterContent/Shapes/Shape_Plane.uasset"
[2016.08.23-09.03.52:752][  0]LogPackFactory: Copied "../../../Samples/StarterContent/Content/StarterContent/Shapes/Shape_QuadPyramid.uasset" to "../../../../../../Users/SolidStateDick/Documents/GitHub/SpaceTDM/SpaceTDM/Content/StarterContent/Shapes/Shape_QuadPyramid.uasset"
[2016.08.23-09.03.52:764][  0]LogPackFactory: Copied "../../../Samples/StarterContent/Content/StarterContent/Shapes/Shape_Sphere.uasset" to "../../../../../../Users/SolidStateDick/Documents/GitHub/SpaceTDM/SpaceTDM/Content/StarterContent/Shapes/Shape_Sphere.uasset"
[2016.08.23-09.03.52:776][  0]LogPackFactory: Copied "../../../Samples/StarterContent/Content/StarterContent/Shapes/Shape_Torus.uasset" to "../../../../../../Users/SolidStateDick/Documents/GitHub/SpaceTDM/SpaceTDM/Content/StarterContent/Shapes/Shape_Torus.uasset"
[2016.08.23-09.03.52:786][  0]LogPackFactory: Copied "../../../Samples/StarterContent/Content/StarterContent/Shapes/Shape_Trim.uasset" to "../../../../../../Users/SolidStateDick/Documents/GitHub/SpaceTDM/SpaceTDM/Content/StarterContent/Shapes/Shape_Trim.uasset"
[2016.08.23-09.03.52:794][  0]LogPackFactory: Copied "../../../Samples/StarterContent/Content/StarterContent/Shapes/Shape_Trim_90_In.uasset" to "../../../../../../Users/SolidStateDick/Documents/GitHub/SpaceTDM/SpaceTDM/Content/StarterContent/Shapes/Shape_Trim_90_In.uasset"
[2016.08.23-09.03.52:806][  0]LogPackFactory: Copied "../../../Samples/StarterContent/Content/StarterContent/Shapes/Shape_Trim_90_Out.uasset" to "../../../../../../Users/SolidStateDick/Documents/GitHub/SpaceTDM/SpaceTDM/Content/StarterContent/Shapes/Shape_Trim_90_Out.uasset"
[2016.08.23-09.03.52:815][  0]LogPackFactory: Copied "../../../Samples/StarterContent/Content/StarterContent/Shapes/Shape_TriPyramid.uasset" to "../../../../../../Users/SolidStateDick/Documents/GitHub/SpaceTDM/SpaceTDM/Content/StarterContent/Shapes/Shape_TriPyramid.uasset"
[2016.08.23-09.03.52:825][  0]LogPackFactory: Copied "../../../Samples/StarterContent/Content/StarterContent/Shapes/Shape_Tube.uasset" to "../../../../../../Users/SolidStateDick/Documents/GitHub/SpaceTDM/SpaceTDM/Content/StarterContent/Shapes/Shape_Tube.uasset"
[2016.08.23-09.03.52:833][  0]LogPackFactory: Copied "../../../Samples/StarterContent/Content/StarterContent/Shapes/Shape_Wedge_A.uasset" to "../../../../../../Users/SolidStateDick/Documents/GitHub/SpaceTDM/SpaceTDM/Content/StarterContent/Shapes/Shape_Wedge_A.uasset"
[2016.08.23-09.03.52:845][  0]LogPackFactory: Copied "../../../Samples/StarterContent/Content/StarterContent/Shapes/Shape_Wedge_B.uasset" to "../../../../../../Users/SolidStateDick/Documents/GitHub/SpaceTDM/SpaceTDM/Content/StarterContent/Shapes/Shape_Wedge_B.uasset"
[2016.08.23-09.03.52:855][  0]LogPackFactory: Copied "../../../Samples/StarterContent/Content/StarterContent/Shapes/Shape_WideCapsule.uasset" to "../../../../../../Users/SolidStateDick/Documents/GitHub/SpaceTDM/SpaceTDM/Content/StarterContent/Shapes/Shape_WideCapsule.uasset"
[2016.08.23-09.03.52:884][  0]LogPackFactory: Copied "../../../Samples/StarterContent/Content/StarterContent/Textures/T_Brick_Clay_Beveled_D.uasset" to "../../../../../../Users/SolidStateDick/Documents/GitHub/SpaceTDM/SpaceTDM/Content/StarterContent/Textures/T_Brick_Clay_Beveled_D.uasset"
[2016.08.23-09.03.52:915][  0]LogPackFactory: Copied "../../../Samples/StarterContent/Content/StarterContent/Textures/T_Brick_Clay_Beveled_M.uasset" to "../../../../../../Users/SolidStateDick/Documents/GitHub/SpaceTDM/SpaceTDM/Content/StarterContent/Textures/T_Brick_Clay_Beveled_M.uasset"
[2016.08.23-09.03.52:943][  0]LogPackFactory: Copied "../../../Samples/StarterContent/Content/StarterContent/Textures/T_Brick_Clay_Beveled_N.uasset" to "../../../../../../Users/SolidStateDick/Documents/GitHub/SpaceTDM/SpaceTDM/Content/StarterContent/Textures/T_Brick_Clay_Beveled_N.uasset"
[2016.08.23-09.03.52:970][  0]LogPackFactory: Copied "../../../Samples/StarterContent/Content/StarterContent/Textures/T_Brick_Clay_New_D.uasset" to "../../../../../../Users/SolidStateDick/Documents/GitHub/SpaceTDM/SpaceTDM/Content/StarterContent/Textures/T_Brick_Clay_New_D.uasset"
[2016.08.23-09.03.53:012][  0]LogPackFactory: Copied "../../../Samples/StarterContent/Content/StarterContent/Textures/T_Brick_Clay_New_M.uasset" to "../../../../../../Users/SolidStateDick/Documents/GitHub/SpaceTDM/SpaceTDM/Content/StarterContent/Textures/T_Brick_Clay_New_M.uasset"
[2016.08.23-09.03.53:043][  0]LogPackFactory: Copied "../../../Samples/StarterContent/Content/StarterContent/Textures/T_Brick_Clay_New_N.uasset" to "../../../../../../Users/SolidStateDick/Documents/GitHub/SpaceTDM/SpaceTDM/Content/StarterContent/Textures/T_Brick_Clay_New_N.uasset"
[2016.08.23-09.03.53:083][  0]LogPackFactory: Copied "../../../Samples/StarterContent/Content/StarterContent/Textures/T_Brick_Clay_Old_D.uasset" to "../../../../../../Users/SolidStateDick/Documents/GitHub/SpaceTDM/SpaceTDM/Content/StarterContent/Textures/T_Brick_Clay_Old_D.uasset"
[2016.08.23-09.03.53:114][  0]LogPackFactory: Copied "../../../Samples/StarterContent/Content/StarterContent/Textures/T_Brick_Clay_Old_N.uasset" to "../../../../../../Users/SolidStateDick/Documents/GitHub/SpaceTDM/SpaceTDM/Content/StarterContent/Textures/T_Brick_Clay_Old_N.uasset"
[2016.08.23-09.03.53:157][  0]LogPackFactory: Copied "../../../Samples/StarterContent/Content/StarterContent/Textures/T_Brick_Cut_Stone_D.uasset" to "../../../../../../Users/SolidStateDick/Documents/GitHub/SpaceTDM/SpaceTDM/Content/StarterContent/Textures/T_Brick_Cut_Stone_D.uasset"
[2016.08.23-09.03.53:188][  0]LogPackFactory: Copied "../../../Samples/StarterContent/Content/StarterContent/Textures/T_Brick_Cut_Stone_N.uasset" to "../../../../../../Users/SolidStateDick/Documents/GitHub/SpaceTDM/SpaceTDM/Content/StarterContent/Textures/T_Brick_Cut_Stone_N.uasset"
[2016.08.23-09.03.53:218][  0]LogPackFactory: Copied "../../../Samples/StarterContent/Content/StarterContent/Textures/T_Brick_Hewn_Stone_D.uasset" to "../../../../../../Users/SolidStateDick/Documents/GitHub/SpaceTDM/SpaceTDM/Content/StarterContent/Textures/T_Brick_Hewn_Stone_D.uasset"
[2016.08.23-09.03.53:245][  0]LogPackFactory: Copied "../../../Samples/StarterContent/Content/StarterContent/Textures/T_Brick_Hewn_Stone_M.uasset" to "../../../../../../Users/SolidStateDick/Documents/GitHub/SpaceTDM/SpaceTDM/Content/StarterContent/Textures/T_Brick_Hewn_Stone_M.uasset"
[2016.08.23-09.03.53:277][  0]LogPackFactory: Copied "../../../Samples/StarterContent/Content/StarterContent/Textures/T_Brick_Hewn_Stone_N.uasset" to "../../../../../../Users/SolidStateDick/Documents/GitHub/SpaceTDM/SpaceTDM/Content/StarterContent/Textures/T_Brick_Hewn_Stone_N.uasset"
[2016.08.23-09.03.53:285][  0]LogPackFactory: Copied "../../../Samples/StarterContent/Content/StarterContent/Textures/T_Burst_M.uasset" to "../../../../../../Users/SolidStateDick/Documents/GitHub/SpaceTDM/SpaceTDM/Content/StarterContent/Textures/T_Burst_M.uasset"
[2016.08.23-09.03.53:295][  0]LogPackFactory: Copied "../../../Samples/StarterContent/Content/StarterContent/Textures/T_Bush_D.uasset" to "../../../../../../Users/SolidStateDick/Documents/GitHub/SpaceTDM/SpaceTDM/Content/StarterContent/Textures/T_Bush_D.uasset"
[2016.08.23-09.03.53:307][  0]LogPackFactory: Copied "../../../Samples/StarterContent/Content/StarterContent/Textures/T_Bush_N.uasset" to "../../../../../../Users/SolidStateDick/Documents/GitHub/SpaceTDM/SpaceTDM/Content/StarterContent/Textures/T_Bush_N.uasset"
[2016.08.23-09.03.53:316][  0]LogPackFactory: Copied "../../../Samples/StarterContent/Content/StarterContent/Textures/T_Ceramic_Tile_M.uasset" to "../../../../../../Users/SolidStateDick/Documents/GitHub/SpaceTDM/SpaceTDM/Content/StarterContent/Textures/T_Ceramic_Tile_M.uasset"
[2016.08.23-09.03.53:325][  0]LogPackFactory: Copied "../../../Samples/StarterContent/Content/StarterContent/Textures/T_Ceramic_Tile_N.uasset" to "../../../../../../Users/SolidStateDick/Documents/GitHub/SpaceTDM/SpaceTDM/Content/StarterContent/Textures/T_Ceramic_Tile_N.uasset"
[2016.08.23-09.03.53:337][  0]LogPackFactory: Copied "../../../Samples/StarterContent/Content/StarterContent/Textures/T_Chair_M.uasset" to "../../../../../../Users/SolidStateDick/Documents/GitHub/SpaceTDM/SpaceTDM/Content/StarterContent/Textures/T_Chair_M.uasset"
[2016.08.23-09.03.53:351][  0]LogPackFactory: Copied "../../../Samples/StarterContent/Content/StarterContent/Textures/T_Chair_N.uasset" to "../../../../../../Users/SolidStateDick/Documents/GitHub/SpaceTDM/SpaceTDM/Content/StarterContent/Textures/T_Chair_N.uasset"
[2016.08.23-09.03.53:360][  0]LogPackFactory: Copied "../../../Samples/StarterContent/Content/StarterContent/Textures/T_Checker_Noise_M.uasset" to "../../../../../../Users/SolidStateDick/Documents/GitHub/SpaceTDM/SpaceTDM/Content/StarterContent/Textures/T_Checker_Noise_M.uasset"
[2016.08.23-09.03.53:404][  0]LogPackFactory: Copied "../../../Samples/StarterContent/Content/StarterContent/Textures/T_CobbleStone_Pebble_D.uasset" to "../../../../../../Users/SolidStateDick/Documents/GitHub/SpaceTDM/SpaceTDM/Content/StarterContent/Textures/T_CobbleStone_Pebble_D.uasset"
[2016.08.23-09.03.53:416][  0]LogPackFactory: Copied "../../../Samples/StarterContent/Content/StarterContent/Textures/T_CobbleStone_Pebble_M.uasset" to "../../../../../../Users/SolidStateDick/Documents/GitHub/SpaceTDM/SpaceTDM/Content/StarterContent/Textures/T_CobbleStone_Pebble_M.uasset"
[2016.08.23-09.03.53:459][  0]LogPackFactory: Copied "../../../Samples/StarterContent/Content/StarterContent/Textures/T_CobbleStone_Pebble_N.uasset" to "../../../../../../Users/SolidStateDick/Documents/GitHub/SpaceTDM/SpaceTDM/Content/StarterContent/Textures/T_CobbleStone_Pebble_N.uasset"
[2016.08.23-09.03.53:479][  0]LogPackFactory: Copied "../../../Samples/StarterContent/Content/StarterContent/Textures/T_CobbleStone_Rough_D.uasset" to "../../../../../../Users/SolidStateDick/Documents/GitHub/SpaceTDM/SpaceTDM/Content/StarterContent/Textures/T_CobbleStone_Rough_D.uasset"
[2016.08.23-09.03.53:499][  0]LogPackFactory: Copied "../../../Samples/StarterContent/Content/StarterContent/Textures/T_CobbleStone_Rough_N.uasset" to "../../../../../../Users/SolidStateDick/Documents/GitHub/SpaceTDM/SpaceTDM/Content/StarterContent/Textures/T_CobbleStone_Rough_N.uasset"
[2016.08.23-09.03.53:530][  0]LogPackFactory: Copied "../../../Samples/StarterContent/Content/StarterContent/Textures/T_CobbleStone_Smooth_D.uasset" to "../../../../../../Users/SolidStateDick/Documents/GitHub/SpaceTDM/SpaceTDM/Content/StarterContent/Textures/T_CobbleStone_Smooth_D.uasset"
[2016.08.23-09.03.53:555][  0]LogPackFactory: Copied "../../../Samples/StarterContent/Content/StarterContent/Textures/T_CobbleStone_Smooth_M.uasset" to "../../../../../../Users/SolidStateDick/Documents/GitHub/SpaceTDM/SpaceTDM/Content/StarterContent/Textures/T_CobbleStone_Smooth_M.uasset"
[2016.08.23-09.03.53:597][  0]LogPackFactory: Copied "../../../Samples/StarterContent/Content/StarterContent/Textures/T_CobbleStone_Smooth_N.uasset" to "../../../../../../Users/SolidStateDick/Documents/GitHub/SpaceTDM/SpaceTDM/Content/StarterContent/Textures/T_CobbleStone_Smooth_N.uasset"
[2016.08.23-09.03.53:636][  0]LogPackFactory: Copied "../../../Samples/StarterContent/Content/StarterContent/Textures/T_Concrete_Grime_D.uasset" to "../../../../../../Users/SolidStateDick/Documents/GitHub/SpaceTDM/SpaceTDM/Content/StarterContent/Textures/T_Concrete_Grime_D.uasset"
[2016.08.23-09.03.53:670][  0]LogPackFactory: Copied "../../../Samples/StarterContent/Content/StarterContent/Textures/T_Concrete_Panels_D.uasset" to "../../../../../../Users/SolidStateDick/Documents/GitHub/SpaceTDM/SpaceTDM/Content/StarterContent/Textures/T_Concrete_Panels_D.uasset"
[2016.08.23-09.03.53:697][  0]LogPackFactory: Copied "../../../Samples/StarterContent/Content/StarterContent/Textures/T_Concrete_Panels_N.uasset" to "../../../../../../Users/SolidStateDick/Documents/GitHub/SpaceTDM/SpaceTDM/Content/StarterContent/Textures/T_Concrete_Panels_N.uasset"
[2016.08.23-09.03.53:737][  0]LogPackFactory: Copied "../../../Samples/StarterContent/Content/StarterContent/Textures/T_Concrete_Poured_D.uasset" to "../../../../../../Users/SolidStateDick/Documents/GitHub/SpaceTDM/SpaceTDM/Content/StarterContent/Textures/T_Concrete_Poured_D.uasset"
[2016.08.23-09.03.53:767][  0]LogPackFactory: Copied "../../../Samples/StarterContent/Content/StarterContent/Textures/T_Concrete_Poured_N.uasset" to "../../../../../../Users/SolidStateDick/Documents/GitHub/SpaceTDM/SpaceTDM/Content/StarterContent/Textures/T_Concrete_Poured_N.uasset"
[2016.08.23-09.03.53:791][  0]LogPackFactory: Copied "../../../Samples/StarterContent/Content/StarterContent/Textures/T_Concrete_Tiles_D.uasset" to "../../../../../../Users/SolidStateDick/Documents/GitHub/SpaceTDM/SpaceTDM/Content/StarterContent/Textures/T_Concrete_Tiles_D.uasset"
[2016.08.23-09.03.53:815][  0]LogPackFactory: Copied "../../../Samples/StarterContent/Content/StarterContent/Textures/T_Concrete_Tiles_M.uasset" to "../../../../../../Users/SolidStateDick/Documents/GitHub/SpaceTDM/SpaceTDM/Content/StarterContent/Textures/T_Concrete_Tiles_M.uasset"
[2016.08.23-09.03.53:843][  0]LogPackFactory: Copied "../../../Samples/StarterContent/Content/StarterContent/Textures/T_Concrete_Tiles_N.uasset" to "../../../../../../Users/SolidStateDick/Documents/GitHub/SpaceTDM/SpaceTDM/Content/StarterContent/Textures/T_Concrete_Tiles_N.uasset"
[2016.08.23-09.03.53:845][  0]LogPackFactory: Copied "../../../Samples/StarterContent/Content/StarterContent/Textures/T_Concrete_Tiles_Variation_M.uasset" to "../../../../../../Users/SolidStateDick/Documents/GitHub/SpaceTDM/SpaceTDM/Content/StarterContent/Textures/T_Concrete_Tiles_Variation_M.uasset"
[2016.08.23-09.03.53:864][  0]LogPackFactory: Copied "../../../Samples/StarterContent/Content/StarterContent/Textures/T_Detail_Rocky_N.uasset" to "../../../../../../Users/SolidStateDick/Documents/GitHub/SpaceTDM/SpaceTDM/Content/StarterContent/Textures/T_Detail_Rocky_N.uasset"
[2016.08.23-09.03.53:874][  0]LogPackFactory: Copied "../../../Samples/StarterContent/Content/StarterContent/Textures/T_Door_M.uasset" to "../../../../../../Users/SolidStateDick/Documents/GitHub/SpaceTDM/SpaceTDM/Content/StarterContent/Textures/T_Door_M.uasset"
[2016.08.23-09.03.53:886][  0]LogPackFactory: Copied "../../../Samples/StarterContent/Content/StarterContent/Textures/T_Door_N.uasset" to "../../../../../../Users/SolidStateDick/Documents/GitHub/SpaceTDM/SpaceTDM/Content/StarterContent/Textures/T_Door_N.uasset"
[2016.08.23-09.03.53:894][  0]LogPackFactory: Copied "../../../Samples/StarterContent/Content/StarterContent/Textures/T_Dust_Particle_D.uasset" to "../../../../../../Users/SolidStateDick/Documents/GitHub/SpaceTDM/SpaceTDM/Content/StarterContent/Textures/T_Dust_Particle_D.uasset"
[2016.08.23-09.03.53:912][  0]LogPackFactory: Copied "../../../Samples/StarterContent/Content/StarterContent/Textures/T_Explosion_SubUV.uasset" to "../../../../../../Users/SolidStateDick/Documents/GitHub/SpaceTDM/SpaceTDM/Content/StarterContent/Textures/T_Explosion_SubUV.uasset"
[2016.08.23-09.03.53:921][  0]LogPackFactory: Copied "../../../Samples/StarterContent/Content/StarterContent/Textures/T_Fire_SubUV.uasset" to "../../../../../../Users/SolidStateDick/Documents/GitHub/SpaceTDM/SpaceTDM/Content/StarterContent/Textures/T_Fire_SubUV.uasset"
[2016.08.23-09.03.53:931][  0]LogPackFactory: Copied "../../../Samples/StarterContent/Content/StarterContent/Textures/T_Fire_Tiled_D.uasset" to "../../../../../../Users/SolidStateDick/Documents/GitHub/SpaceTDM/SpaceTDM/Content/StarterContent/Textures/T_Fire_Tiled_D.uasset"
[2016.08.23-09.03.53:941][  0]LogPackFactory: Copied "../../../Samples/StarterContent/Content/StarterContent/Textures/T_Frame_M.uasset" to "../../../../../../Users/SolidStateDick/Documents/GitHub/SpaceTDM/SpaceTDM/Content/StarterContent/Textures/T_Frame_M.uasset"
[2016.08.23-09.03.53:953][  0]LogPackFactory: Copied "../../../Samples/StarterContent/Content/StarterContent/Textures/T_Frame_N.uasset" to "../../../../../../Users/SolidStateDick/Documents/GitHub/SpaceTDM/SpaceTDM/Content/StarterContent/Textures/T_Frame_N.uasset"
[2016.08.23-09.03.53:956][  0]LogPackFactory: Copied "../../../Samples/StarterContent/Content/StarterContent/Textures/T_Gradinet_01.uasset" to "../../../../../../Users/SolidStateDick/Documents/GitHub/SpaceTDM/SpaceTDM/Content/StarterContent/Textures/T_Gradinet_01.uasset"
[2016.08.23-09.03.53:996][  0]LogPackFactory: Copied "../../../Samples/StarterContent/Content/StarterContent/Textures/T_Ground_Grass_D.uasset" to "../../../../../../Users/SolidStateDick/Documents/GitHub/SpaceTDM/SpaceTDM/Content/StarterContent/Textures/T_Ground_Grass_D.uasset"
[2016.08.23-09.03.54:036][  0]LogPackFactory: Copied "../../../Samples/StarterContent/Content/StarterContent/Textures/T_Ground_Grass_N.uasset" to "../../../../../../Users/SolidStateDick/Documents/GitHub/SpaceTDM/SpaceTDM/Content/StarterContent/Textures/T_Ground_Grass_N.uasset"
[2016.08.23-09.03.54:074][  0]LogPackFactory: Copied "../../../Samples/StarterContent/Content/StarterContent/Textures/T_Ground_Gravel_D.uasset" to "../../../../../../Users/SolidStateDick/Documents/GitHub/SpaceTDM/SpaceTDM/Content/StarterContent/Textures/T_Ground_Gravel_D.uasset"
[2016.08.23-09.03.54:109][  0]LogPackFactory: Copied "../../../Samples/StarterContent/Content/StarterContent/Textures/T_Ground_Gravel_N.uasset" to "../../../../../../Users/SolidStateDick/Documents/GitHub/SpaceTDM/SpaceTDM/Content/StarterContent/Textures/T_Ground_Gravel_N.uasset"
[2016.08.23-09.03.54:163][  0]LogPackFactory: Copied "../../../Samples/StarterContent/Content/StarterContent/Textures/T_ground_Moss_D.uasset" to "../../../../../../Users/SolidStateDick/Documents/GitHub/SpaceTDM/SpaceTDM/Content/StarterContent/Textures/T_ground_Moss_D.uasset"
[2016.08.23-09.03.54:206][  0]LogPackFactory: Copied "../../../Samples/StarterContent/Content/StarterContent/Textures/T_Ground_Moss_N.uasset" to "../../../../../../Users/SolidStateDick/Documents/GitHub/SpaceTDM/SpaceTDM/Content/StarterContent/Textures/T_Ground_Moss_N.uasset"
[2016.08.23-09.03.54:223][  0]LogPackFactory: Copied "../../../Samples/StarterContent/Content/StarterContent/Textures/T_Lamp_M.uasset" to "../../../../../../Users/SolidStateDick/Documents/GitHub/SpaceTDM/SpaceTDM/Content/StarterContent/Textures/T_Lamp_M.uasset"
[2016.08.23-09.03.54:245][  0]LogPackFactory: Copied "../../../Samples/StarterContent/Content/StarterContent/Textures/T_Lamp_N.uasset" to "../../../../../../Users/SolidStateDick/Documents/GitHub/SpaceTDM/SpaceTDM/Content/StarterContent/Textures/T_Lamp_N.uasset"
[2016.08.23-09.03.54:288][  0]LogPackFactory: Copied "../../../Samples/StarterContent/Content/StarterContent/Textures/T_MacroVariation.uasset" to "../../../../../../Users/SolidStateDick/Documents/GitHub/SpaceTDM/SpaceTDM/Content/StarterContent/Textures/T_MacroVariation.uasset"
[2016.08.23-09.03.54:327][  0]LogPackFactory: Copied "../../../Samples/StarterContent/Content/StarterContent/Textures/T_Metal_Aluminum_D.uasset" to "../../../../../../Users/SolidStateDick/Documents/GitHub/SpaceTDM/SpaceTDM/Content/StarterContent/Textures/T_Metal_Aluminum_D.uasset"
[2016.08.23-09.03.54:391][  0]LogPackFactory: Copied "../../../Samples/StarterContent/Content/StarterContent/Textures/T_Metal_Copper_D.uasset" to "../../../../../../Users/SolidStateDick/Documents/GitHub/SpaceTDM/SpaceTDM/Content/StarterContent/Textures/T_Metal_Copper_D.uasset"
[2016.08.23-09.03.54:435][  0]LogPackFactory: Copied "../../../Samples/StarterContent/Content/StarterContent/Textures/T_Metal_Gold_D.uasset" to "../../../../../../Users/SolidStateDick/Documents/GitHub/SpaceTDM/SpaceTDM/Content/StarterContent/Textures/T_Metal_Gold_D.uasset"
[2016.08.23-09.03.54:458][  0]LogPackFactory: Copied "../../../Samples/StarterContent/Content/StarterContent/Textures/T_Metal_Gold_N.uasset" to "../../../../../../Users/SolidStateDick/Documents/GitHub/SpaceTDM/SpaceTDM/Content/StarterContent/Textures/T_Metal_Gold_N.uasset"
[2016.08.23-09.03.54:496][  0]LogPackFactory: Copied "../../../Samples/StarterContent/Content/StarterContent/Textures/T_Metal_Rust_D.uasset" to "../../../../../../Users/SolidStateDick/Documents/GitHub/SpaceTDM/SpaceTDM/Content/StarterContent/Textures/T_Metal_Rust_D.uasset"
[2016.08.23-09.03.54:528][  0]LogPackFactory: Copied "../../../Samples/StarterContent/Content/StarterContent/Textures/T_Metal_Rust_N.uasset" to "../../../../../../Users/SolidStateDick/Documents/GitHub/SpaceTDM/SpaceTDM/Content/StarterContent/Textures/T_Metal_Rust_N.uasset"
[2016.08.23-09.03.54:553][  0]LogPackFactory: Copied "../../../Samples/StarterContent/Content/StarterContent/Textures/T_Metal_Steel_D.uasset" to "../../../../../../Users/SolidStateDick/Documents/GitHub/SpaceTDM/SpaceTDM/Content/StarterContent/Textures/T_Metal_Steel_D.uasset"
[2016.08.23-09.03.54:588][  0]LogPackFactory: Copied "../../../Samples/StarterContent/Content/StarterContent/Textures/T_Metal_Steel_N.uasset" to "../../../../../../Users/SolidStateDick/Documents/GitHub/SpaceTDM/SpaceTDM/Content/StarterContent/Textures/T_Metal_Steel_N.uasset"
[2016.08.23-09.03.54:635][  0]LogPackFactory: Copied "../../../Samples/StarterContent/Content/StarterContent/Textures/T_Perlin_Noise_M.uasset" to "../../../../../../Users/SolidStateDick/Documents/GitHub/SpaceTDM/SpaceTDM/Content/StarterContent/Textures/T_Perlin_Noise_M.uasset"
[2016.08.23-09.03.54:660][  0]LogPackFactory: Copied "../../../Samples/StarterContent/Content/StarterContent/Textures/T_RockMesh_M.uasset" to "../../../../../../Users/SolidStateDick/Documents/GitHub/SpaceTDM/SpaceTDM/Content/StarterContent/Textures/T_RockMesh_M.uasset"
[2016.08.23-09.03.54:690][  0]LogPackFactory: Copied "../../../Samples/StarterContent/Content/StarterContent/Textures/T_RockMesh_N.uasset" to "../../../../../../Users/SolidStateDick/Documents/GitHub/SpaceTDM/SpaceTDM/Content/StarterContent/Textures/T_RockMesh_N.uasset"
[2016.08.23-09.03.54:733][  0]LogPackFactory: Copied "../../../Samples/StarterContent/Content/StarterContent/Textures/T_Rock_Basalt_D.uasset" to "../../../../../../Users/SolidStateDick/Documents/GitHub/SpaceTDM/SpaceTDM/Content/StarterContent/Textures/T_Rock_Basalt_D.uasset"
[2016.08.23-09.03.54:771][  0]LogPackFactory: Copied "../../../Samples/StarterContent/Content/StarterContent/Textures/T_Rock_Basalt_N.uasset" to "../../../../../../Users/SolidStateDick/Documents/GitHub/SpaceTDM/SpaceTDM/Content/StarterContent/Textures/T_Rock_Basalt_N.uasset"
[2016.08.23-09.03.54:807][  0]LogPackFactory: Copied "../../../Samples/StarterContent/Content/StarterContent/Textures/T_Rock_Marble_Polished_D.uasset" to "../../../../../../Users/SolidStateDick/Documents/GitHub/SpaceTDM/SpaceTDM/Content/StarterContent/Textures/T_Rock_Marble_Polished_D.uasset"
[2016.08.23-09.03.54:849][  0]LogPackFactory: Copied "../../../Samples/StarterContent/Content/StarterContent/Textures/T_Rock_Sandstone_D.uasset" to "../../../../../../Users/SolidStateDick/Documents/GitHub/SpaceTDM/SpaceTDM/Content/StarterContent/Textures/T_Rock_Sandstone_D.uasset"
[2016.08.23-09.03.54:887][  0]LogPackFactory: Copied "../../../Samples/StarterContent/Content/StarterContent/Textures/T_Rock_Sandstone_N.uasset" to "../../../../../../Users/SolidStateDick/Documents/GitHub/SpaceTDM/SpaceTDM/Content/StarterContent/Textures/T_Rock_Sandstone_N.uasset"
[2016.08.23-09.03.54:942][  0]LogPackFactory: Copied "../../../Samples/StarterContent/Content/StarterContent/Textures/T_Rock_Slate_D.uasset" to "../../../../../../Users/SolidStateDick/Documents/GitHub/SpaceTDM/SpaceTDM/Content/StarterContent/Textures/T_Rock_Slate_D.uasset"
[2016.08.23-09.03.54:994][  0]LogPackFactory: Copied "../../../Samples/StarterContent/Content/StarterContent/Textures/T_Rock_Slate_N.uasset" to "../../../../../../Users/SolidStateDick/Documents/GitHub/SpaceTDM/SpaceTDM/Content/StarterContent/Textures/T_Rock_Slate_N.uasset"
[2016.08.23-09.03.55:035][  0]LogPackFactory: Copied "../../../Samples/StarterContent/Content/StarterContent/Textures/T_Rock_Smooth_Granite_D.uasset" to "../../../../../../Users/SolidStateDick/Documents/GitHub/SpaceTDM/SpaceTDM/Content/StarterContent/Textures/T_Rock_Smooth_Granite_D.uasset"
[2016.08.23-09.03.55:051][  0]LogPackFactory: Copied "../../../Samples/StarterContent/Content/StarterContent/Textures/T_Shelf_M.uasset" to "../../../../../../Users/SolidStateDick/Documents/GitHub/SpaceTDM/SpaceTDM/Content/StarterContent/Textures/T_Shelf_M.uasset"
[2016.08.23-09.03.55:079][  0]LogPackFactory: Copied "../../../Samples/StarterContent/Content/StarterContent/Textures/T_Shelf_N.uasset" to "../../../../../../Users/SolidStateDick/Documents/GitHub/SpaceTDM/SpaceTDM/Content/StarterContent/Textures/T_Shelf_N.uasset"
[2016.08.23-09.03.55:091][  0]LogPackFactory: Copied "../../../Samples/StarterContent/Content/StarterContent/Textures/T_Single_Tile_N.uasset" to "../../../../../../Users/SolidStateDick/Documents/GitHub/SpaceTDM/SpaceTDM/Content/StarterContent/Textures/T_Single_Tile_N.uasset"
[2016.08.23-09.03.55:116][  0]LogPackFactory: Copied "../../../Samples/StarterContent/Content/StarterContent/Textures/T_Smoke_SubUV.uasset" to "../../../../../../Users/SolidStateDick/Documents/GitHub/SpaceTDM/SpaceTDM/Content/StarterContent/Textures/T_Smoke_SubUV.uasset"
[2016.08.23-09.03.55:140][  0]LogPackFactory: Copied "../../../Samples/StarterContent/Content/StarterContent/Textures/T_Smoke_Tiled_D.uasset" to "../../../../../../Users/SolidStateDick/Documents/GitHub/SpaceTDM/SpaceTDM/Content/StarterContent/Textures/T_Smoke_Tiled_D.uasset"
[2016.08.23-09.03.55:158][  0]LogPackFactory: Copied "../../../Samples/StarterContent/Content/StarterContent/Textures/T_Spark_Core.uasset" to "../../../../../../Users/SolidStateDick/Documents/GitHub/SpaceTDM/SpaceTDM/Content/StarterContent/Textures/T_Spark_Core.uasset"
[2016.08.23-09.03.55:174][  0]LogPackFactory: Copied "../../../Samples/StarterContent/Content/StarterContent/Textures/T_Statue_M.uasset" to "../../../../../../Users/SolidStateDick/Documents/GitHub/SpaceTDM/SpaceTDM/Content/StarterContent/Textures/T_Statue_M.uasset"
[2016.08.23-09.03.55:188][  0]LogPackFactory: Copied "../../../Samples/StarterContent/Content/StarterContent/Textures/T_Statue_N.uasset" to "../../../../../../Users/SolidStateDick/Documents/GitHub/SpaceTDM/SpaceTDM/Content/StarterContent/Textures/T_Statue_N.uasset"
[2016.08.23-09.03.55:199][  0]LogPackFactory: Copied "../../../Samples/StarterContent/Content/StarterContent/Textures/T_TableRound_M.uasset" to "../../../../../../Users/SolidStateDick/Documents/GitHub/SpaceTDM/SpaceTDM/Content/StarterContent/Textures/T_TableRound_M.uasset"
[2016.08.23-09.03.55:212][  0]LogPackFactory: Copied "../../../Samples/StarterContent/Content/StarterContent/Textures/T_TableRound_N.uasset" to "../../../../../../Users/SolidStateDick/Documents/GitHub/SpaceTDM/SpaceTDM/Content/StarterContent/Textures/T_TableRound_N.uasset"
[2016.08.23-09.03.55:221][  0]LogPackFactory: Copied "../../../Samples/StarterContent/Content/StarterContent/Textures/T_Tech_Dot_M.uasset" to "../../../../../../Users/SolidStateDick/Documents/GitHub/SpaceTDM/SpaceTDM/Content/StarterContent/Textures/T_Tech_Dot_M.uasset"
[2016.08.23-09.03.55:230][  0]LogPackFactory: Copied "../../../Samples/StarterContent/Content/StarterContent/Textures/T_Tech_Dot_N.uasset" to "../../../../../../Users/SolidStateDick/Documents/GitHub/SpaceTDM/SpaceTDM/Content/StarterContent/Textures/T_Tech_Dot_N.uasset"
[2016.08.23-09.03.55:242][  0]LogPackFactory: Copied "../../../Samples/StarterContent/Content/StarterContent/Textures/T_Tech_Hex_Tile_M.uasset" to "../../../../../../Users/SolidStateDick/Documents/GitHub/SpaceTDM/SpaceTDM/Content/StarterContent/Textures/T_Tech_Hex_Tile_M.uasset"
[2016.08.23-09.03.55:252][  0]LogPackFactory: Copied "../../../Samples/StarterContent/Content/StarterContent/Textures/T_Tech_Hex_Tile_N.uasset" to "../../../../../../Users/SolidStateDick/Documents/GitHub/SpaceTDM/SpaceTDM/Content/StarterContent/Textures/T_Tech_Hex_Tile_N.uasset"
[2016.08.23-09.03.55:264][  0]LogPackFactory: Copied "../../../Samples/StarterContent/Content/StarterContent/Textures/T_Tech_Panel_M.uasset" to "../../../../../../Users/SolidStateDick/Documents/GitHub/SpaceTDM/SpaceTDM/Content/StarterContent/Textures/T_Tech_Panel_M.uasset"
[2016.08.23-09.03.55:278][  0]LogPackFactory: Copied "../../../Samples/StarterContent/Content/StarterContent/Textures/T_Tech_Panel_N.uasset" to "../../../../../../Users/SolidStateDick/Documents/GitHub/SpaceTDM/SpaceTDM/Content/StarterContent/Textures/T_Tech_Panel_N.uasset"
[2016.08.23-09.03.55:293][  0]LogPackFactory: Copied "../../../Samples/StarterContent/Content/StarterContent/Textures/T_Water_M.uasset" to "../../../../../../Users/SolidStateDick/Documents/GitHub/SpaceTDM/SpaceTDM/Content/StarterContent/Textures/T_Water_M.uasset"
[2016.08.23-09.03.55:309][  0]LogPackFactory: Copied "../../../Samples/StarterContent/Content/StarterContent/Textures/T_Water_N.uasset" to "../../../../../../Users/SolidStateDick/Documents/GitHub/SpaceTDM/SpaceTDM/Content/StarterContent/Textures/T_Water_N.uasset"
[2016.08.23-09.03.55:330][  0]LogPackFactory: Copied "../../../Samples/StarterContent/Content/StarterContent/Textures/T_Wood_Floor_Walnut_D.uasset" to "../../../../../../Users/SolidStateDick/Documents/GitHub/SpaceTDM/SpaceTDM/Content/StarterContent/Textures/T_Wood_Floor_Walnut_D.uasset"
[2016.08.23-09.03.55:349][  0]LogPackFactory: Copied "../../../Samples/StarterContent/Content/StarterContent/Textures/T_Wood_Floor_Walnut_M.uasset" to "../../../../../../Users/SolidStateDick/Documents/GitHub/SpaceTDM/SpaceTDM/Content/StarterContent/Textures/T_Wood_Floor_Walnut_M.uasset"
[2016.08.23-09.03.55:366][  0]LogPackFactory: Copied "../../../Samples/StarterContent/Content/StarterContent/Textures/T_Wood_Floor_Walnut_N.uasset" to "../../../../../../Users/SolidStateDick/Documents/GitHub/SpaceTDM/SpaceTDM/Content/StarterContent/Textures/T_Wood_Floor_Walnut_N.uasset"
[2016.08.23-09.03.55:392][  0]LogPackFactory: Copied "../../../Samples/StarterContent/Content/StarterContent/Textures/T_Wood_Oak_D.uasset" to "../../../../../../Users/SolidStateDick/Documents/GitHub/SpaceTDM/SpaceTDM/Content/StarterContent/Textures/T_Wood_Oak_D.uasset"
[2016.08.23-09.03.55:417][  0]LogPackFactory: Copied "../../../Samples/StarterContent/Content/StarterContent/Textures/T_Wood_Oak_N.uasset" to "../../../../../../Users/SolidStateDick/Documents/GitHub/SpaceTDM/SpaceTDM/Content/StarterContent/Textures/T_Wood_Oak_N.uasset"
[2016.08.23-09.03.55:451][  0]LogPackFactory: Copied "../../../Samples/StarterContent/Content/StarterContent/Textures/T_Wood_Pine_D.uasset" to "../../../../../../Users/SolidStateDick/Documents/GitHub/SpaceTDM/SpaceTDM/Content/StarterContent/Textures/T_Wood_Pine_D.uasset"
[2016.08.23-09.03.55:485][  0]LogPackFactory: Copied "../../../Samples/StarterContent/Content/StarterContent/Textures/T_Wood_Pine_N.uasset" to "../../../../../../Users/SolidStateDick/Documents/GitHub/SpaceTDM/SpaceTDM/Content/StarterContent/Textures/T_Wood_Pine_N.uasset"
[2016.08.23-09.03.55:541][  0]LogPackFactory: Copied "../../../Samples/StarterContent/Content/StarterContent/Textures/T_Wood_Walnut_D.uasset" to "../../../../../../Users/SolidStateDick/Documents/GitHub/SpaceTDM/SpaceTDM/Content/StarterContent/Textures/T_Wood_Walnut_D.uasset"
[2016.08.23-09.03.55:571][  0]LogPackFactory: Copied "../../../Samples/StarterContent/Content/StarterContent/Textures/T_Wood_Walnut_N.uasset" to "../../../../../../Users/SolidStateDick/Documents/GitHub/SpaceTDM/SpaceTDM/Content/StarterContent/Textures/T_Wood_Walnut_N.uasset"
[2016.08.23-09.03.56:257][  0]LogRenderer: Reallocating scene render targets to support 256x256 (Frame:2).
[2016.08.23-09.03.56:403][  0]LogSavePackage: Save=21.56ms
[2016.08.23-09.03.56:403][  0]LogSavePackage: Moving '../../../../../../Users/SolidStateDick/Documents/GitHub/SpaceTDM/SpaceTDM/Saved/Floor_400x400194A74E54233BF9E3A1424B5D52D0A79.tmp' to '../../../../../../Users/SolidStateDick/Documents/GitHub/SpaceTDM/SpaceTDM/Content/StarterContent/Architecture/Floor_400x400.uasset'
[2016.08.23-09.03.56:410][  0]LogSavePackage:Display: Finished SavePackage ../../../../../../Users/SolidStateDick/Documents/GitHub/SpaceTDM/SpaceTDM/Content/StarterContent/Architecture/Floor_400x400.uasset
[2016.08.23-09.03.56:412][  0]LogFeaturePack:Warning: Inserted 1 feature packs
[2016.08.23-09.03.56:415][  0]Cmd: MAP LOAD FILE="../../../../../../Users/SolidStateDick/Documents/GitHub/SpaceTDM/SpaceTDM/Content/StarterContent/Maps/Minimal_Default.umap" TEMPLATE=0 SHOWPROGRESS=1 FEATURELEVEL=3
[2016.08.23-09.03.56:416][  0]LightingResults: New page: Lighting Build
[2016.08.23-09.03.56:420][  0]MapCheck: New page: Map Check
[2016.08.23-09.03.56:420][  0]LightingResults: New page: Lighting Build
[2016.08.23-09.03.56:900][  0]LogAIModule: Creating AISystem for world Minimal_Default
[2016.08.23-09.03.56:909][  0]LogEditorServer: Finished looking for orphan Actors (0.000 secs)
[2016.08.23-09.03.56:910][  0]Cmd: MAP CHECKDEP NOCLEARLOG
[2016.08.23-09.03.56:967][  0]MapCheck: Info Map check complete: 0 Error(s), 0 Warning(s), took 57.246ms to complete.
[2016.08.23-09.03.56:967][  0]LogFileHelpers: Loading map 'Minimal_Default' took 0.553
[2016.08.23-09.03.57:132][  0]LogCollectionManager: Loaded 0 collections in 0.003041 seconds
[2016.08.23-09.03.57:176][  0]LogFileCache: Scanning file cache for directory 'C:/Users/SolidStateDick/Documents/GitHub/SpaceTDM/SpaceTDM/Saved/Collections/' took 0.01s
[2016.08.23-09.03.57:176][  0]LogFileCache: Scanning file cache for directory 'C:/Users/SolidStateDick/Documents/GitHub/SpaceTDM/SpaceTDM/Content/Developers/SolidStateDick/Collections/' took 0.01s
[2016.08.23-09.03.57:176][  0]LogFileCache: Scanning file cache for directory 'C:/Users/SolidStateDick/Documents/GitHub/SpaceTDM/SpaceTDM/Content/Collections/' took 0.01s
[2016.08.23-09.03.57:176][  0]LogCollectionManager: Rebuilt the GUID cache for 0 collections in 0.000004 seconds
[2016.08.23-09.03.57:187][  0]LogContentBrowser: Native class hierarchy populated in 0.0113 seconds. Added 2047 classes and 369 folders.
[2016.08.23-09.03.57:192][  0]LogStats: UGameplayTagsManager::ConstructGameplayTagTree: Construct from data asset -  0.000 s
[2016.08.23-09.03.57:192][  0]LogStats: UGameplayTagsManager::ConstructGameplayTagTree: GameplayTagTreeChangedEvent.Broadcast -  0.000 s
[2016.08.23-09.03.57:193][  0]LogContentBrowser: Native class hierarchy updated for 'GameplayTags' in 0.0006 seconds. Added 12 classes and 0 folders.
[2016.08.23-09.03.57:200][  0]LogContentBrowser: Native class hierarchy updated for 'WidgetCarousel' in 0.0005 seconds. Added 0 classes and 0 folders.
[2016.08.23-09.03.57:257][  0]LogContentBrowser: Native class hierarchy updated for 'AddContentDialog' in 0.0005 seconds. Added 0 classes and 0 folders.
[2016.08.23-09.03.57:262][  0]LogContentBrowser: Native class hierarchy updated for 'SceneOutliner' in 0.0007 secon